Log file open, 04/12/19 15:41:28
LogWindows: Failed to load 'aqProf.dll' (GetLastError=126)
LogWindows: File 'aqProf.dll' does not exist
LogWindows: Failed to load 'VtuneApi.dll' (GetLastError=126)
LogWindows: File 'VtuneApi.dll' does not exist
LogWindows: Failed to load 'VtuneApi32e.dll' (GetLastError=126)
LogWindows: File 'VtuneApi32e.dll' does not exist
LogConsoleResponse: Display: Failed to find resolution value strings in scalability ini. Falling back to default.
LogInit: Display: Running engine for game: RedConquest
LogPakFile: Registered encryption key '00000000000000000000000000000000': 0 pak files mounted, 0 remain pending
LogPlatformFile: Not using cached read wrapper
LogTaskGraph: Started task graph with 5 named threads and 23 total threads with 3 sets of task threads.
LogStats: Stats thread started at 0.321790
LogD3D11RHI: Loaded GFSDK_Aftermath_Lib.x64.dll
LogICUInternationalization: ICU TimeZone Detection - Raw Offset: -5:00, Platform Override: ''
LogPluginManager: Mounting plugin Paper2D
LogPluginManager: Mounting plugin AISupport
LogPluginManager: Mounting plugin LightPropagationVolume
LogPluginManager: Mounting plugin ActorLayerUtilities
LogPluginManager: Mounting plugin CLionSourceCodeAccess
LogPluginManager: Mounting plugin CodeLiteSourceCodeAccess
LogPluginManager: Mounting plugin GitSourceControl
LogPluginManager: Mounting plugin KDevelopSourceCodeAccess
LogPluginManager: Mounting plugin NullSourceCodeAccess
LogPluginManager: Mounting plugin PerforceSourceControl
LogPluginManager: Mounting plugin SubversionSourceControl
LogPluginManager: Mounting plugin UObjectPlugin
LogPluginManager: Mounting plugin VisualStudioCodeSourceCodeAccess
LogPluginManager: Mounting plugin VisualStudioSourceCodeAccess
LogPluginManager: Mounting plugin XCodeSourceCodeAccess
LogPluginManager: Mounting plugin AssetManagerEditor
LogPluginManager: Mounting plugin CryptoKeys
LogPluginManager: Mounting plugin DataValidation
LogPluginManager: Mounting plugin FacialAnimation
LogPluginManager: Mounting plugin GameplayTagsEditor
LogPluginManager: Mounting plugin MacGraphicsSwitching
LogPluginManager: Mounting plugin MeshEditor
LogPluginManager: Mounting plugin MobileLauncherProfileWizard
LogPluginManager: Mounting plugin PluginBrowser
LogPluginManager: Mounting plugin SpeedTreeImporter
LogPluginManager: Mounting plugin DatasmithContent
LogPluginManager: Mounting plugin VariantManagerContent
LogPluginManager: Mounting plugin AlembicImporter
LogPluginManager: Mounting plugin AppleImageUtils
LogPluginManager: Mounting plugin AppleVision
LogPluginManager: Mounting plugin BackChannel
LogPluginManager: Mounting plugin CharacterAI
LogPluginManager: Mounting plugin GeometryCache
LogPluginManager: Mounting plugin HTML5Networking
LogPluginManager: Mounting plugin ProxyLODPlugin
LogPluginManager: Mounting plugin MagicLeap
LogPluginManager: Mounting plugin MagicLeapMedia
LogPluginManager: Mounting plugin AndroidMedia
LogPluginManager: Mounting plugin AvfMedia
LogPluginManager: Mounting plugin ImgMedia
LogPluginManager: Mounting plugin LinearTimecode
LogPluginManager: Mounting plugin MediaCompositing
LogPluginManager: Mounting plugin MediaPlayerEditor
LogPluginManager: Mounting plugin WebMMedia
LogPluginManager: Mounting plugin WmfMedia
LogPluginManager: Mounting plugin TcpMessaging
LogPluginManager: Mounting plugin UdpMessaging
LogPluginManager: Mounting plugin ActorSequence
LogPluginManager: Mounting plugin LevelSequenceEditor
LogPluginManager: Mounting plugin MatineeToLevelSequence
LogPluginManager: Mounting plugin NetcodeUnitTest
LogPluginManager: Mounting plugin NUTUnrealEngine4
LogPluginManager: Mounting plugin OnlineSubsystemGooglePlay
LogPluginManager: Mounting plugin OnlineSubsystemIOS
LogPluginManager: Mounting plugin OnlineSubsystem
LogPluginManager: Mounting plugin OnlineSubsystemNull
LogPluginManager: Mounting plugin OnlineSubsystemUtils
LogPluginManager: Mounting plugin LauncherChunkInstaller
LogPluginManager: Mounting plugin AndroidDeviceProfileSelector
LogPluginManager: Mounting plugin AndroidMoviePlayer
LogPluginManager: Mounting plugin AndroidPermission
LogPluginManager: Mounting plugin AppleMoviePlayer
LogPluginManager: Mounting plugin ArchVisCharacter
LogPluginManager: Mounting plugin AudioCapture
LogPluginManager: Mounting plugin CableComponent
LogPluginManager: Mounting plugin CustomMeshComponent
LogPluginManager: Mounting plugin EditableMesh
LogPluginManager: Mounting plugin ExampleDeviceProfileSelector
LogPluginManager: Mounting plugin Firebase
LogPluginManager: Mounting plugin GoogleCloudMessaging
LogPluginManager: Mounting plugin IOSDeviceProfileSelector
LogPluginManager: Mounting plugin LinuxDeviceProfileSelector
LogPluginManager: Mounting plugin LocationServicesBPLibrary
LogPluginManager: Mounting plugin MobilePatchingUtils
LogPluginManager: Mounting plugin OculusVR
LogPluginManager: Mounting plugin PhysXVehicles
LogPluginManager: Mounting plugin ProceduralMeshComponent
LogPluginManager: Mounting plugin RuntimePhysXCooking
LogPluginManager: Mounting plugin SteamVR
LogPluginManager: Mounting plugin WebMMoviePlayer
LogPluginManager: Mounting plugin WindowsMoviePlayer
LogStreaming: Display: Took  0.149s to configure plugins.
LogInit: Using libcurl 7.55.1-DEV
LogInit:  - built for x86_64-pc-win32
LogInit:  - supports SSL with OpenSSL/1.0.2h
LogInit:  - supports HTTP deflate (compression) using libz 1.2.8
LogInit:  - other features:
LogInit:      CURL_VERSION_SSL
LogInit:      CURL_VERSION_LIBZ
LogInit:      CURL_VERSION_IPV6
LogInit:      CURL_VERSION_ASYNCHDNS
LogInit:      CURL_VERSION_LARGEFILE
LogInit:      CURL_VERSION_IDN
LogInit:  CurlRequestOptions (configurable via config and command line):
LogInit:  - bVerifyPeer = true  - Libcurl will verify peer certificate
LogInit:  - bUseHttpProxy = false  - Libcurl will NOT use HTTP proxy
LogInit:  - bDontReuseConnections = false  - Libcurl will reuse connections
LogInit:  - MaxHostConnections = 16  - Libcurl will limit the number of connections to a host
LogInit:  - LocalHostAddr = Default
LogInit:  - BufferSize = 65536
LogInit: WinSock: version 1.1 (2.2), MaxSocks=32767, MaxUdp=65467
LogInit: Build: ++UE4+Release-4.21-CL-4613538
LogInit: Engine Version: 4.21.1-4613538+++UE4+Release-4.21
LogInit: Compatible Engine Version: 4.21.0-4541578+++UE4+Release-4.21
LogInit: Net CL: 4541578
LogInit: OS: Windows 10 (), CPU:         Intel(R) Core(TM) i7-3820 CPU @ 3.60GHz, GPU: NVIDIA GeForce GTX 680
LogInit: Compiled (64-bit): Nov 30 2018 04:13:25
LogInit: Compiled with Visual C++: 19.13.26129.00
LogInit: Build Configuration: Development
LogInit: Branch Name: ++UE4+Release-4.21
LogInit: Command Line: 
LogInit: Base Directory: C:/Program Files/Epic Games/UE_4.21/Engine/Binaries/Win64/
LogInit: Installed Engine Build: 1
LogDevObjectVersion: Number of dev versions registered: 22
LogDevObjectVersion:   Dev-Blueprints (B0D832E4-1F89-4F0D-ACCF-7EB736FD4AA2): 10
LogDevObjectVersion:   Dev-Build (E1C64328-A22C-4D53-A36C-8E866417BD8C): 0
LogDevObjectVersion:   Dev-Core (375EC13C-06E4-48FB-B500-84F0262A717E): 2
LogDevObjectVersion:   Dev-Editor (E4B068ED-F494-42E9-A231-DA0B2E46BB41): 26
LogDevObjectVersion:   Dev-Framework (CFFC743F-43B0-4480-9391-14DF171D2073): 34
LogDevObjectVersion:   Dev-Mobile (B02B49B5-BB20-44E9-A304-32B752E40360): 2
LogDevObjectVersion:   Dev-Networking (A4E4105C-59A1-49B5-A7C5-40C4547EDFEE): 0
LogDevObjectVersion:   Dev-Online (39C831C9-5AE6-47DC-9A44-9C173E1C8E7C): 0
LogDevObjectVersion:   Dev-Physics (78F01B33-EBEA-4F98-B9B4-84EACCB95AA2): 0
LogDevObjectVersion:   Dev-Platform (6631380F-2D4D-43E0-8009-CF276956A95A): 0
LogDevObjectVersion:   Dev-Rendering (12F88B9F-8875-4AFC-A67C-D90C383ABD29): 27
LogDevObjectVersion:   Dev-Sequencer (7B5AE74C-D270-4C10-A958-57980B212A5A): 9
LogDevObjectVersion:   Dev-VR (D7296918-1DD6-4BDD-9DE2-64A83CC13884): 2
LogDevObjectVersion:   Dev-LoadTimes (C2A15278-BFE7-4AFE-6C17-90FF531DF755): 1
LogDevObjectVersion:   Private-Geometry (6EACA3D4-40EC-4CC1-B786-8BED09428FC5): 3
LogDevObjectVersion:   Dev-AnimPhys (29E575DD-E0A3-4627-9D10-D276232CDCEA): 17
LogDevObjectVersion:   Dev-Anim (AF43A65D-7FD3-4947-9873-3E8ED9C1BB05): 2
LogDevObjectVersion:   Dev-ReflectionCapture (6B266CEC-1EC7-4B8F-A30B-E4D90942FC07): 1
LogDevObjectVersion:   Dev-Automation (0DF73D61-A23F-47EA-B727-89E90C41499A): 1
LogDevObjectVersion:   FortniteMain (601D1886-AC64-4F84-AA16-D3DE0DEAC7D6): 17
LogDevObjectVersion:   Dev-Enterprise (9DFFBCD6-494F-0158-E221-12823C92A888): 4
LogDevObjectVersion:   Dev-Niagara (F2AED0AC-9AFE-416F-8664-AA7FFA26D6FC): 1
LogStreaming: Display: Took  0.001s to delete old logs.
LogInit: Presizing for max 8388607 objects, including 0 objects not considered by GC, pre-allocating 0 bytes for permanent pool.
LogInit: Object subsystem initialized
LogConfig: Setting CVar [[con.DebugEarlyDefault:1]]
LogConfig: Setting CVar [[r.setres:1280x720]]
[2019.04.12-19.41.29:187][  0]LogConfig: Setting CVar [[r.VSync:0]]
[2019.04.12-19.41.29:187][  0]LogConfig: Setting CVar [[r.RHICmdBypass:0]]
[2019.04.12-19.41.29:187][  0]LogConfig: Applying CVar settings from Section [/Script/Engine.RendererSettings] File [D:/Profiles/btf6119/source/repos/network_class/RedConquest/Saved/Config/Windows/Engine.ini]
[2019.04.12-19.41.29:187][  0]LogConfig: Setting CVar [[r.GPUCrashDebugging:0]]
[2019.04.12-19.41.29:187][  0]LogConfig: Applying CVar settings from Section [/Script/Engine.RendererOverrideSettings] File [D:/Profiles/btf6119/source/repos/network_class/RedConquest/Saved/Config/Windows/Engine.ini]
[2019.04.12-19.41.29:187][  0]LogConfig: Applying CVar settings from Section [/Script/Engine.StreamingSettings] File [D:/Profiles/btf6119/source/repos/network_class/RedConquest/Saved/Config/Windows/Engine.ini]
[2019.04.12-19.41.29:187][  0]LogConfig: Setting CVar [[s.MinBulkDataSizeForAsyncLoading:131072]]
[2019.04.12-19.41.29:187][  0]LogConfig: Setting CVar [[s.AsyncLoadingThreadEnabled:0]]
[2019.04.12-19.41.29:187][  0]LogConfig: Setting CVar [[s.EventDrivenLoaderEnabled:1]]
[2019.04.12-19.41.29:187][  0]LogConfig: Setting CVar [[s.WarnIfTimeLimitExceeded:0]]
[2019.04.12-19.41.29:187][  0]LogConfig: Setting CVar [[s.TimeLimitExceededMultiplier:1.5]]
[2019.04.12-19.41.29:187][  0]LogConfig: Setting CVar [[s.TimeLimitExceededMinTime:0.005]]
[2019.04.12-19.41.29:187][  0]LogConfig: Setting CVar [[s.UseBackgroundLevelStreaming:1]]
[2019.04.12-19.41.29:187][  0]LogConfig: Setting CVar [[s.PriorityAsyncLoadingExtraTime:15.0]]
[2019.04.12-19.41.29:187][  0]LogConfig: Setting CVar [[s.LevelStreamingActorsUpdateTimeLimit:5.0]]
[2019.04.12-19.41.29:188][  0]LogConfig: Setting CVar [[s.PriorityLevelStreamingActorsUpdateExtraTime:5.0]]
[2019.04.12-19.41.29:188][  0]LogConfig: Setting CVar [[s.LevelStreamingComponentsRegistrationGranularity:10]]
[2019.04.12-19.41.29:188][  0]LogConfig: Setting CVar [[s.UnregisterComponentsTimeLimit:1.0]]
[2019.04.12-19.41.29:188][  0]LogConfig: Setting CVar [[s.LevelStreamingComponentsUnregistrationGranularity:5]]
[2019.04.12-19.41.29:188][  0]LogConfig: Applying CVar settings from Section [/Script/Engine.GarbageCollectionSettings] File [D:/Profiles/btf6119/source/repos/network_class/RedConquest/Saved/Config/Windows/Engine.ini]
[2019.04.12-19.41.29:188][  0]LogConfig: Setting CVar [[gc.MaxObjectsNotConsideredByGC:1]]
[2019.04.12-19.41.29:188][  0]LogConfig: Setting CVar [[gc.SizeOfPermanentObjectPool:0]]
[2019.04.12-19.41.29:188][  0]LogConfig: Setting CVar [[gc.FlushStreamingOnGC:0]]
[2019.04.12-19.41.29:188][  0]LogConfig: Setting CVar [[gc.NumRetriesBeforeForcingGC:10]]
[2019.04.12-19.41.29:188][  0]LogConfig: Setting CVar [[gc.AllowParallelGC:1]]
[2019.04.12-19.41.29:188][  0]LogConfig: Setting CVar [[gc.TimeBetweenPurgingPendingKillObjects:61.1]]
[2019.04.12-19.41.29:188][  0]LogConfig: Setting CVar [[gc.MaxObjectsInEditor:8388607]]
[2019.04.12-19.41.29:188][  0]LogConfig: Setting CVar [[gc.IncrementalBeginDestroyEnabled:1]]
[2019.04.12-19.41.29:188][  0]LogConfig: Setting CVar [[gc.CreateGCClusters:1]]
[2019.04.12-19.41.29:188][  0]LogConfig: Setting CVar [[gc.MergeGCClusters:0]]
[2019.04.12-19.41.29:188][  0]LogConfig: Setting CVar [[gc.MinGCClusterSize:5]]
[2019.04.12-19.41.29:188][  0]LogConfig: Setting CVar [[gc.ActorClusteringEnabled:0]]
[2019.04.12-19.41.29:188][  0]LogConfig: Setting CVar [[gc.BlueprintClusteringEnabled:0]]
[2019.04.12-19.41.29:188][  0]LogConfig: Setting CVar [[gc.UseDisregardForGCOnDedicatedServers:0]]
[2019.04.12-19.41.29:188][  0]LogConfig: Applying CVar settings from Section [/Script/Engine.NetworkSettings] File [D:/Profiles/btf6119/source/repos/network_class/RedConquest/Saved/Config/Windows/Engine.ini]
[2019.04.12-19.41.29:188][  0]LogConfig: Applying CVar settings from Section [/Script/UnrealEd.CookerSettings] File [D:/Profiles/btf6119/source/repos/network_class/RedConquest/Saved/Config/Windows/Engine.ini]
[2019.04.12-19.41.29:196][  0]LogConfig: Applying CVar settings from Section [ViewDistanceQuality@3] File [D:/Profiles/btf6119/source/repos/network_class/RedConquest/Saved/Config/Windows/Scalability.ini]
[2019.04.12-19.41.29:196][  0]LogConfig: Setting CVar [[r.SkeletalMeshLODBias:0]]
[2019.04.12-19.41.29:196][  0]LogConfig: Setting CVar [[r.ViewDistanceScale:1.0]]
[2019.04.12-19.41.29:196][  0]LogConfig: Applying CVar settings from Section [AntiAliasingQuality@3] File [D:/Profiles/btf6119/source/repos/network_class/RedConquest/Saved/Config/Windows/Scalability.ini]
[2019.04.12-19.41.29:196][  0]LogConfig: Setting CVar [[r.PostProcessAAQuality:4]]
[2019.04.12-19.41.29:196][  0]LogConfig: Applying CVar settings from Section [ShadowQuality@3] File [D:/Profiles/btf6119/source/repos/network_class/RedConquest/Saved/Config/Windows/Scalability.ini]
[2019.04.12-19.41.29:196][  0]LogConfig: Setting CVar [[r.LightFunctionQuality:1]]
[2019.04.12-19.41.29:196][  0]LogConfig: Setting CVar [[r.ShadowQuality:5]]
[2019.04.12-19.41.29:196][  0]LogConfig: Setting CVar [[r.Shadow.CSM.MaxCascades:10]]
[2019.04.12-19.41.29:196][  0]LogConfig: Setting CVar [[r.Shadow.MaxResolution:2048]]
[2019.04.12-19.41.29:196][  0]LogConfig: Setting CVar [[r.Shadow.MaxCSMResolution:2048]]
[2019.04.12-19.41.29:196][  0]LogConfig: Setting CVar [[r.Shadow.RadiusThreshold:0.01]]
[2019.04.12-19.41.29:196][  0]LogConfig: Setting CVar [[r.Shadow.DistanceScale:1.0]]
[2019.04.12-19.41.29:196][  0]LogConfig: Setting CVar [[r.Shadow.CSM.TransitionScale:1.0]]
[2019.04.12-19.41.29:196][  0]LogConfig: Setting CVar [[r.Shadow.PreShadowResolutionFactor:1.0]]
[2019.04.12-19.41.29:196][  0]LogConfig: Setting CVar [[r.DistanceFieldShadowing:1]]
[2019.04.12-19.41.29:196][  0]LogConfig: Setting CVar [[r.DistanceFieldAO:1]]
[2019.04.12-19.41.29:196][  0]LogConfig: Setting CVar [[r.AOQuality:2]]
[2019.04.12-19.41.29:196][  0]LogConfig: Setting CVar [[r.VolumetricFog:1]]
[2019.04.12-19.41.29:196][  0]LogConfig: Setting CVar [[r.VolumetricFog.GridPixelSize:8]]
[2019.04.12-19.41.29:196][  0]LogConfig: Setting CVar [[r.VolumetricFog.GridSizeZ:128]]
[2019.04.12-19.41.29:196][  0]LogConfig: Setting CVar [[r.VolumetricFog.HistoryMissSupersampleCount:4]]
[2019.04.12-19.41.29:196][  0]LogConfig: Setting CVar [[r.LightMaxDrawDistanceScale:1]]
[2019.04.12-19.41.29:196][  0]LogConfig: Setting CVar [[r.CapsuleShadows:1]]
[2019.04.12-19.41.29:196][  0]LogConfig: Applying CVar settings from Section [PostProcessQuality@3] File [D:/Profiles/btf6119/source/repos/network_class/RedConquest/Saved/Config/Windows/Scalability.ini]
[2019.04.12-19.41.29:196][  0]LogConfig: Setting CVar [[r.MotionBlurQuality:4]]
[2019.04.12-19.41.29:196][  0]LogConfig: Setting CVar [[r.AmbientOcclusionMipLevelFactor:0.4]]
[2019.04.12-19.41.29:196][  0]LogConfig: Setting CVar [[r.AmbientOcclusionMaxQuality:100]]
[2019.04.12-19.41.29:196][  0]LogConfig: Setting CVar [[r.AmbientOcclusionLevels:-1]]
[2019.04.12-19.41.29:197][  0]LogConfig: Setting CVar [[r.AmbientOcclusionRadiusScale:1.0]]
[2019.04.12-19.41.29:197][  0]LogConfig: Setting CVar [[r.DepthOfFieldQuality:2]]
[2019.04.12-19.41.29:197][  0]LogConfig: Setting CVar [[r.RenderTargetPoolMin:400]]
[2019.04.12-19.41.29:197][  0]LogConfig: Setting CVar [[r.LensFlareQuality:2]]
[2019.04.12-19.41.29:197][  0]LogConfig: Setting CVar [[r.SceneColorFringeQuality:1]]
[2019.04.12-19.41.29:197][  0]LogConfig: Setting CVar [[r.EyeAdaptationQuality:2]]
[2019.04.12-19.41.29:197][  0]LogConfig: Setting CVar [[r.BloomQuality:5]]
[2019.04.12-19.41.29:197][  0]LogConfig: Setting CVar [[r.FastBlurThreshold:100]]
[2019.04.12-19.41.29:197][  0]LogConfig: Setting CVar [[r.Upscale.Quality:3]]
[2019.04.12-19.41.29:197][  0]LogConfig: Setting CVar [[r.Tonemapper.GrainQuantization:1]]
[2019.04.12-19.41.29:197][  0]LogConfig: Setting CVar [[r.LightShaftQuality:1]]
[2019.04.12-19.41.29:197][  0]LogConfig: Setting CVar [[r.Filter.SizeScale:1]]
[2019.04.12-19.41.29:197][  0]LogConfig: Setting CVar [[r.Tonemapper.Quality:5]]
[2019.04.12-19.41.29:197][  0]LogConfig: Setting CVar [[r.DOF.Gather.AccumulatorQuality:1        ; higher gathering accumulator quality]]
[2019.04.12-19.41.29:197][  0]LogConfig: Setting CVar [[r.DOF.Gather.PostfilterMethod:1          ; Median3x3 postfilering method]]
[2019.04.12-19.41.29:197][  0]LogConfig: Setting CVar [[r.DOF.Gather.EnableBokehSettings:0       ; no bokeh simulation when gathering]]
[2019.04.12-19.41.29:197][  0]LogConfig: Setting CVar [[r.DOF.Gather.RingCount:4                 ; medium number of samples when gathering]]
[2019.04.12-19.41.29:197][  0]LogConfig: Setting CVar [[r.DOF.Scatter.ForegroundCompositing:1    ; additive foreground scattering]]
[2019.04.12-19.41.29:197][  0]LogConfig: Setting CVar [[r.DOF.Scatter.BackgroundCompositing:2    ; additive background scattering]]
[2019.04.12-19.41.29:197][  0]LogConfig: Setting CVar [[r.DOF.Scatter.EnableBokehSettings:1      ; bokeh simulation when scattering]]
[2019.04.12-19.41.29:197][  0]LogConfig: Setting CVar [[r.DOF.Scatter.MaxSpriteRatio:0.1         ; only a maximum of 10% of scattered bokeh]]
[2019.04.12-19.41.29:197][  0]LogConfig: Setting CVar [[r.DOF.Recombine.Quality:1                ; cheap slight out of focus]]
[2019.04.12-19.41.29:197][  0]LogConfig: Setting CVar [[r.DOF.Recombine.EnableBokehSettings:0    ; no bokeh simulation on slight out of focus]]
[2019.04.12-19.41.29:197][  0]LogConfig: Setting CVar [[r.DOF.TemporalAAQuality:1                ; more stable temporal accumulation]]
[2019.04.12-19.41.29:197][  0]LogConfig: Setting CVar [[r.DOF.Kernel.MaxForegroundRadius:0.025]]
[2019.04.12-19.41.29:197][  0]LogConfig: Setting CVar [[r.DOF.Kernel.MaxBackgroundRadius:0.025]]
[2019.04.12-19.41.29:197][  0]LogConfig: Applying CVar settings from Section [TextureQuality@3] File [D:/Profiles/btf6119/source/repos/network_class/RedConquest/Saved/Config/Windows/Scalability.ini]
[2019.04.12-19.41.29:197][  0]LogConfig: Setting CVar [[r.Streaming.MipBias:0]]
[2019.04.12-19.41.29:197][  0]LogConfig: Setting CVar [[r.Streaming.AmortizeCPUToGPUCopy:0]]
[2019.04.12-19.41.29:197][  0]LogConfig: Setting CVar [[r.Streaming.MaxNumTexturesToStreamPerFrame:0]]
[2019.04.12-19.41.29:197][  0]LogConfig: Setting CVar [[r.Streaming.Boost:1]]
[2019.04.12-19.41.29:197][  0]LogConfig: Setting CVar [[r.MaxAnisotropy:8]]
[2019.04.12-19.41.29:197][  0]LogConfig: Setting CVar [[r.Streaming.LimitPoolSizeToVRAM:0]]
[2019.04.12-19.41.29:198][  0]LogConfig: Setting CVar [[r.Streaming.PoolSize:1000]]
[2019.04.12-19.41.29:198][  0]LogConfig: Setting CVar [[r.Streaming.MaxEffectiveScreenSize:0]]
[2019.04.12-19.41.29:198][  0]LogConfig: Applying CVar settings from Section [EffectsQuality@3] File [D:/Profiles/btf6119/source/repos/network_class/RedConquest/Saved/Config/Windows/Scalability.ini]
[2019.04.12-19.41.29:198][  0]LogConfig: Setting CVar [[r.TranslucencyLightingVolumeDim:64]]
[2019.04.12-19.41.29:198][  0]LogConfig: Setting CVar [[r.RefractionQuality:2]]
[2019.04.12-19.41.29:198][  0]LogConfig: Setting CVar [[r.SSR.Quality:3]]
[2019.04.12-19.41.29:198][  0]LogConfig: Setting CVar [[r.SceneColorFormat:4]]
[2019.04.12-19.41.29:198][  0]LogConfig: Setting CVar [[r.DetailMode:2]]
[2019.04.12-19.41.29:198][  0]LogConfig: Setting CVar [[r.TranslucencyVolumeBlur:1]]
[2019.04.12-19.41.29:198][  0]LogConfig: Setting CVar [[r.MaterialQualityLevel:1 ; High quality]]
[2019.04.12-19.41.29:198][  0]LogConfig: Setting CVar [[r.SSS.Scale:1]]
[2019.04.12-19.41.29:198][  0]LogConfig: Setting CVar [[r.SSS.SampleSet:2]]
[2019.04.12-19.41.29:198][  0]LogConfig: Setting CVar [[r.SSS.Quality:1]]
[2019.04.12-19.41.29:198][  0]LogConfig: Setting CVar [[r.SSS.HalfRes:1]]
[2019.04.12-19.41.29:198][  0]LogConfig: Setting CVar [[r.EmitterSpawnRateScale:1.0]]
[2019.04.12-19.41.29:198][  0]LogConfig: Setting CVar [[r.ParticleLightQuality:2]]
[2019.04.12-19.41.29:198][  0]LogConfig: Applying CVar settings from Section [FoliageQuality@3] File [D:/Profiles/btf6119/source/repos/network_class/RedConquest/Saved/Config/Windows/Scalability.ini]
[2019.04.12-19.41.29:198][  0]LogConfig: Setting CVar [[foliage.DensityScale:1.0]]
[2019.04.12-19.41.29:198][  0]LogConfig: Setting CVar [[grass.DensityScale:1.0]]
[2019.04.12-19.41.29:198][  0]LogInit: Selected Device Profile: [Windows]
[2019.04.12-19.41.29:198][  0]LogInit: Applying CVar settings loaded from the selected device profile: [Windows]
[2019.04.12-19.41.29:211][  0]LogHAL: Display: Platform has ~ 16 GB [17094045696 / 17179869184 / 16], which maps to Larger [LargestMinGB=32, LargerMinGB=12, DefaultMinGB=8, SmallerMinGB=6, SmallestMinGB=0)
[2019.04.12-19.41.29:212][  0]LogConfig: Setting CVar [[r.Vulkan.UseRealUBs:1]]
[2019.04.12-19.41.29:212][  0]LogInit: Going up to parent DeviceProfile []
[2019.04.12-19.41.29:212][  0]LogConfig: Applying CVar settings from Section [ViewDistanceQuality@3] File [D:/Profiles/btf6119/source/repos/network_class/RedConquest/Saved/Config/Windows/Scalability.ini]
[2019.04.12-19.41.29:212][  0]LogConfig: Setting CVar [[r.SkeletalMeshLODBias:0]]
[2019.04.12-19.41.29:212][  0]LogConfig: Setting CVar [[r.ViewDistanceScale:1.0]]
[2019.04.12-19.41.29:212][  0]LogConfig: Applying CVar settings from Section [AntiAliasingQuality@3] File [D:/Profiles/btf6119/source/repos/network_class/RedConquest/Saved/Config/Windows/Scalability.ini]
[2019.04.12-19.41.29:212][  0]LogConfig: Setting CVar [[r.PostProcessAAQuality:4]]
[2019.04.12-19.41.29:212][  0]LogConfig: Applying CVar settings from Section [ShadowQuality@3] File [D:/Profiles/btf6119/source/repos/network_class/RedConquest/Saved/Config/Windows/Scalability.ini]
[2019.04.12-19.41.29:212][  0]LogConfig: Setting CVar [[r.LightFunctionQuality:1]]
[2019.04.12-19.41.29:212][  0]LogConfig: Setting CVar [[r.ShadowQuality:5]]
[2019.04.12-19.41.29:212][  0]LogConfig: Setting CVar [[r.Shadow.CSM.MaxCascades:10]]
[2019.04.12-19.41.29:212][  0]LogConfig: Setting CVar [[r.Shadow.MaxResolution:2048]]
[2019.04.12-19.41.29:212][  0]LogConfig: Setting CVar [[r.Shadow.MaxCSMResolution:2048]]
[2019.04.12-19.41.29:212][  0]LogConfig: Setting CVar [[r.Shadow.RadiusThreshold:0.01]]
[2019.04.12-19.41.29:212][  0]LogConfig: Setting CVar [[r.Shadow.DistanceScale:1.0]]
[2019.04.12-19.41.29:212][  0]LogConfig: Setting CVar [[r.Shadow.CSM.TransitionScale:1.0]]
[2019.04.12-19.41.29:212][  0]LogConfig: Setting CVar [[r.Shadow.PreShadowResolutionFactor:1.0]]
[2019.04.12-19.41.29:212][  0]LogConfig: Setting CVar [[r.DistanceFieldShadowing:1]]
[2019.04.12-19.41.29:212][  0]LogConfig: Setting CVar [[r.DistanceFieldAO:1]]
[2019.04.12-19.41.29:212][  0]LogConfig: Setting CVar [[r.AOQuality:2]]
[2019.04.12-19.41.29:212][  0]LogConfig: Setting CVar [[r.VolumetricFog:1]]
[2019.04.12-19.41.29:212][  0]LogConfig: Setting CVar [[r.VolumetricFog.GridPixelSize:8]]
[2019.04.12-19.41.29:212][  0]LogConfig: Setting CVar [[r.VolumetricFog.GridSizeZ:128]]
[2019.04.12-19.41.29:212][  0]LogConfig: Setting CVar [[r.VolumetricFog.HistoryMissSupersampleCount:4]]
[2019.04.12-19.41.29:212][  0]LogConfig: Setting CVar [[r.LightMaxDrawDistanceScale:1]]
[2019.04.12-19.41.29:212][  0]LogConfig: Setting CVar [[r.CapsuleShadows:1]]
[2019.04.12-19.41.29:212][  0]LogConfig: Applying CVar settings from Section [PostProcessQuality@3] File [D:/Profiles/btf6119/source/repos/network_class/RedConquest/Saved/Config/Windows/Scalability.ini]
[2019.04.12-19.41.29:212][  0]LogConfig: Setting CVar [[r.MotionBlurQuality:4]]
[2019.04.12-19.41.29:212][  0]LogConfig: Setting CVar [[r.AmbientOcclusionMipLevelFactor:0.4]]
[2019.04.12-19.41.29:212][  0]LogConfig: Setting CVar [[r.AmbientOcclusionMaxQuality:100]]
[2019.04.12-19.41.29:212][  0]LogConfig: Setting CVar [[r.AmbientOcclusionLevels:-1]]
[2019.04.12-19.41.29:212][  0]LogConfig: Setting CVar [[r.AmbientOcclusionRadiusScale:1.0]]
[2019.04.12-19.41.29:212][  0]LogConfig: Setting CVar [[r.DepthOfFieldQuality:2]]
[2019.04.12-19.41.29:212][  0]LogConfig: Setting CVar [[r.RenderTargetPoolMin:400]]
[2019.04.12-19.41.29:212][  0]LogConfig: Setting CVar [[r.LensFlareQuality:2]]
[2019.04.12-19.41.29:212][  0]LogConfig: Setting CVar [[r.SceneColorFringeQuality:1]]
[2019.04.12-19.41.29:212][  0]LogConfig: Setting CVar [[r.EyeAdaptationQuality:2]]
[2019.04.12-19.41.29:212][  0]LogConfig: Setting CVar [[r.BloomQuality:5]]
[2019.04.12-19.41.29:212][  0]LogConfig: Setting CVar [[r.FastBlurThreshold:100]]
[2019.04.12-19.41.29:212][  0]LogConfig: Setting CVar [[r.Upscale.Quality:3]]
[2019.04.12-19.41.29:212][  0]LogConfig: Setting CVar [[r.Tonemapper.GrainQuantization:1]]
[2019.04.12-19.41.29:212][  0]LogConfig: Setting CVar [[r.LightShaftQuality:1]]
[2019.04.12-19.41.29:212][  0]LogConfig: Setting CVar [[r.Filter.SizeScale:1]]
[2019.04.12-19.41.29:212][  0]LogConfig: Setting CVar [[r.Tonemapper.Quality:5]]
[2019.04.12-19.41.29:212][  0]LogConfig: Setting CVar [[r.DOF.Gather.AccumulatorQuality:1        ; higher gathering accumulator quality]]
[2019.04.12-19.41.29:212][  0]LogConfig: Setting CVar [[r.DOF.Gather.PostfilterMethod:1          ; Median3x3 postfilering method]]
[2019.04.12-19.41.29:212][  0]LogConfig: Setting CVar [[r.DOF.Gather.EnableBokehSettings:0       ; no bokeh simulation when gathering]]
[2019.04.12-19.41.29:212][  0]LogConfig: Setting CVar [[r.DOF.Gather.RingCount:4                 ; medium number of samples when gathering]]
[2019.04.12-19.41.29:212][  0]LogConfig: Setting CVar [[r.DOF.Scatter.ForegroundCompositing:1    ; additive foreground scattering]]
[2019.04.12-19.41.29:212][  0]LogConfig: Setting CVar [[r.DOF.Scatter.BackgroundCompositing:2    ; additive background scattering]]
[2019.04.12-19.41.29:212][  0]LogConfig: Setting CVar [[r.DOF.Scatter.EnableBokehSettings:1      ; bokeh simulation when scattering]]
[2019.04.12-19.41.29:212][  0]LogConfig: Setting CVar [[r.DOF.Scatter.MaxSpriteRatio:0.1         ; only a maximum of 10% of scattered bokeh]]
[2019.04.12-19.41.29:212][  0]LogConfig: Setting CVar [[r.DOF.Recombine.Quality:1                ; cheap slight out of focus]]
[2019.04.12-19.41.29:212][  0]LogConfig: Setting CVar [[r.DOF.Recombine.EnableBokehSettings:0    ; no bokeh simulation on slight out of focus]]
[2019.04.12-19.41.29:212][  0]LogConfig: Setting CVar [[r.DOF.TemporalAAQuality:1                ; more stable temporal accumulation]]
[2019.04.12-19.41.29:212][  0]LogConfig: Setting CVar [[r.DOF.Kernel.MaxForegroundRadius:0.025]]
[2019.04.12-19.41.29:213][  0]LogConfig: Setting CVar [[r.DOF.Kernel.MaxBackgroundRadius:0.025]]
[2019.04.12-19.41.29:213][  0]LogConfig: Applying CVar settings from Section [TextureQuality@3] File [D:/Profiles/btf6119/source/repos/network_class/RedConquest/Saved/Config/Windows/Scalability.ini]
[2019.04.12-19.41.29:213][  0]LogConfig: Setting CVar [[r.Streaming.MipBias:0]]
[2019.04.12-19.41.29:213][  0]LogConfig: Setting CVar [[r.Streaming.AmortizeCPUToGPUCopy:0]]
[2019.04.12-19.41.29:213][  0]LogConfig: Setting CVar [[r.Streaming.MaxNumTexturesToStreamPerFrame:0]]
[2019.04.12-19.41.29:213][  0]LogConfig: Setting CVar [[r.Streaming.Boost:1]]
[2019.04.12-19.41.29:213][  0]LogConfig: Setting CVar [[r.MaxAnisotropy:8]]
[2019.04.12-19.41.29:213][  0]LogConfig: Setting CVar [[r.Streaming.LimitPoolSizeToVRAM:0]]
[2019.04.12-19.41.29:213][  0]LogConfig: Setting CVar [[r.Streaming.PoolSize:1000]]
[2019.04.12-19.41.29:213][  0]LogConfig: Setting CVar [[r.Streaming.MaxEffectiveScreenSize:0]]
[2019.04.12-19.41.29:213][  0]LogConfig: Applying CVar settings from Section [EffectsQuality@3] File [D:/Profiles/btf6119/source/repos/network_class/RedConquest/Saved/Config/Windows/Scalability.ini]
[2019.04.12-19.41.29:213][  0]LogConfig: Setting CVar [[r.TranslucencyLightingVolumeDim:64]]
[2019.04.12-19.41.29:213][  0]LogConfig: Setting CVar [[r.RefractionQuality:2]]
[2019.04.12-19.41.29:213][  0]LogConfig: Setting CVar [[r.SSR.Quality:3]]
[2019.04.12-19.41.29:213][  0]LogConfig: Setting CVar [[r.SceneColorFormat:4]]
[2019.04.12-19.41.29:213][  0]LogConfig: Setting CVar [[r.DetailMode:2]]
[2019.04.12-19.41.29:213][  0]LogConfig: Setting CVar [[r.TranslucencyVolumeBlur:1]]
[2019.04.12-19.41.29:213][  0]LogConfig: Setting CVar [[r.MaterialQualityLevel:1 ; High quality]]
[2019.04.12-19.41.29:213][  0]LogConfig: Setting CVar [[r.SSS.Scale:1]]
[2019.04.12-19.41.29:213][  0]LogConfig: Setting CVar [[r.SSS.SampleSet:2]]
[2019.04.12-19.41.29:213][  0]LogConfig: Setting CVar [[r.SSS.Quality:1]]
[2019.04.12-19.41.29:213][  0]LogConfig: Setting CVar [[r.SSS.HalfRes:1]]
[2019.04.12-19.41.29:213][  0]LogConfig: Setting CVar [[r.EmitterSpawnRateScale:1.0]]
[2019.04.12-19.41.29:213][  0]LogConfig: Setting CVar [[r.ParticleLightQuality:2]]
[2019.04.12-19.41.29:213][  0]LogConfig: Applying CVar settings from Section [FoliageQuality@3] File [D:/Profiles/btf6119/source/repos/network_class/RedConquest/Saved/Config/Windows/Scalability.ini]
[2019.04.12-19.41.29:213][  0]LogConfig: Setting CVar [[foliage.DensityScale:1.0]]
[2019.04.12-19.41.29:213][  0]LogConfig: Setting CVar [[grass.DensityScale:1.0]]
[2019.04.12-19.41.29:213][  0]LogConfig: Applying CVar settings from Section [Startup] File [../../../Engine/Config/ConsoleVariables.ini]
[2019.04.12-19.41.29:213][  0]LogConfig: Setting CVar [[net.UseAdaptiveNetUpdateFrequency:0]]
[2019.04.12-19.41.29:213][  0]LogConfig: Applying CVar settings from Section [ConsoleVariables] File [D:/Profiles/btf6119/source/repos/network_class/RedConquest/Saved/Config/Windows/Engine.ini]
[2019.04.12-19.41.29:213][  0]LogInit: Computer: IGM2025-21
[2019.04.12-19.41.29:213][  0]LogInit: User: btf6119
[2019.04.12-19.41.29:213][  0]LogInit: CPU Page size=4096, Cores=4
[2019.04.12-19.41.29:213][  0]LogInit: High frequency timer resolution =10.000000 MHz
[2019.04.12-19.41.29:214][  0]LogMemory: Memory total: Physical=15.9GB (16GB approx)
[2019.04.12-19.41.29:214][  0]LogMemory: Platform Memory Stats for Windows
[2019.04.12-19.41.29:214][  0]LogMemory: Process Physical Memory: 102.13 MB used, 102.14 MB peak
[2019.04.12-19.41.29:214][  0]LogMemory: Process Virtual Memory: 91.21 MB used, 91.21 MB peak
[2019.04.12-19.41.29:214][  0]LogMemory: Physical Memory: 4641.59 MB used,  11660.56 MB free, 16302.15 MB total
[2019.04.12-19.41.29:214][  0]LogMemory: Virtual Memory: 4650.93 MB used,  134213080.00 MB free, 134217728.00 MB total
[2019.04.12-19.41.29:242][  0]LogInit: Using OS detected language (en-US).
[2019.04.12-19.41.29:242][  0]LogInit: Using OS detected locale (en-US).
[2019.04.12-19.41.29:243][  0]LogTextLocalizationManager: No specific localization for 'en-US' exists, so the 'en' localization will be used.
[2019.04.12-19.41.29:751][  0]LogStreaming: Display: Took  0.509s to InitEngineTextLocalization.
[2019.04.12-19.41.29:751][  0]LogInit: Setting process to per monitor DPI aware
[2019.04.12-19.41.29:798][  0]LogSlate: New Slate User Created.  User Index 0, Is Virtual User: 0
[2019.04.12-19.41.29:798][  0]LogSlate: Slate User Registered.  User Index 0, Is Virtual User: 0
[2019.04.12-19.41.30:091][  0]LogHMD: Failed to initialize OpenVR with code 110
[2019.04.12-19.41.30:091][  0]LogD3D11RHI: D3D11 adapters:
[2019.04.12-19.41.30:178][  0]LogD3D11RHI:    0. 'NVIDIA GeForce GTX 680' (Feature Level 11_0)
[2019.04.12-19.41.30:178][  0]LogD3D11RHI:       2007/0/8151 MB DedicatedVideo/DedicatedSystem/SharedSystem, Outputs:2, VendorId:0x10de
[2019.04.12-19.41.30:181][  0]LogD3D11RHI:    1. 'Microsoft Basic Render Driver' (Feature Level 11_0)
[2019.04.12-19.41.30:181][  0]LogD3D11RHI:       0/0/8151 MB DedicatedVideo/DedicatedSystem/SharedSystem, Outputs:0, VendorId:0x1414
[2019.04.12-19.41.30:181][  0]LogD3D11RHI: Chosen D3D11 Adapter: 0
[2019.04.12-19.41.30:189][  0]LogD3D11RHI: Creating new Direct3DDevice
[2019.04.12-19.41.30:189][  0]LogD3D11RHI:     GPU DeviceId: 0x1180 (for the marketing name, search the web for "GPU Device Id")
[2019.04.12-19.41.30:189][  0]LogWindows: EnumDisplayDevices:
[2019.04.12-19.41.30:189][  0]LogWindows:    0. 'NVIDIA GeForce GTX 680' (P:1 D:1)
[2019.04.12-19.41.30:190][  0]LogWindows:    1. 'NVIDIA GeForce GTX 680' (P:0 D:1)
[2019.04.12-19.41.30:190][  0]LogWindows:    2. 'NVIDIA GeForce GTX 680' (P:0 D:0)
[2019.04.12-19.41.30:191][  0]LogWindows:    3. 'NVIDIA GeForce GTX 680' (P:0 D:0)
[2019.04.12-19.41.30:191][  0]LogWindows: DebugString: FoundDriverCount:4 
[2019.04.12-19.41.30:191][  0]LogD3D11RHI:     Adapter Name: NVIDIA GeForce GTX 680
[2019.04.12-19.41.30:191][  0]LogD3D11RHI:   Driver Version: 425.31 (internal:25.21.14.2531, unified:425.31)
[2019.04.12-19.41.30:191][  0]LogD3D11RHI:      Driver Date: 4-9-2019
[2019.04.12-19.41.30:191][  0]LogRHI: Texture pool is 1404 MB (70% of 2007 MB)
[2019.04.12-19.41.30:246][  0]LogD3D11RHI: Async texture creation enabled
[2019.04.12-19.41.30:260][  0]LogD3D11RHI: GPU Timing Frequency: 1000.000000 (Debug: 2 1)
[2019.04.12-19.41.30:586][  0]LogTemp: Display: Loaded TP AllDesktopTargetPlatform
[2019.04.12-19.41.30:602][  0]LogTemp: Display: Loaded TP MacClientTargetPlatform
[2019.04.12-19.41.30:619][  0]LogTemp: Display: Loaded TP MacNoEditorTargetPlatform
[2019.04.12-19.41.30:634][  0]LogTemp: Display: Loaded TP MacServerTargetPlatform
[2019.04.12-19.41.30:651][  0]LogTemp: Display: Loaded TP MacTargetPlatform
[2019.04.12-19.41.30:666][  0]LogTemp: Display: Loaded TP WindowsClientTargetPlatform
[2019.04.12-19.41.30:682][  0]LogTemp: Display: Loaded TP WindowsNoEditorTargetPlatform
[2019.04.12-19.41.30:701][  0]LogTemp: Display: Loaded TP WindowsServerTargetPlatform
[2019.04.12-19.41.30:708][  0]LogTemp: Display: Loaded TP WindowsTargetPlatform
[2019.04.12-19.41.30:818][  0]LogTemp: Display: Loaded TP AndroidTargetPlatform
[2019.04.12-19.41.30:818][  0]LogTemp: Display: Loaded TP AndroidTargetPlatform
[2019.04.12-19.41.30:818][  0]LogTemp: Display: Loaded TP AndroidTargetPlatform
[2019.04.12-19.41.30:818][  0]LogTemp: Display: Loaded TP AndroidTargetPlatform
[2019.04.12-19.41.30:818][  0]LogTemp: Display: Loaded TP AndroidTargetPlatform
[2019.04.12-19.41.30:818][  0]LogTemp: Display: Loaded TP AndroidTargetPlatform
[2019.04.12-19.41.30:818][  0]LogTemp: Display: Loaded TP AndroidTargetPlatform
[2019.04.12-19.41.30:818][  0]LogTemp: Display: Loaded TP AndroidTargetPlatform
[2019.04.12-19.41.30:819][  0]LogTemp: Display: Loaded TP AndroidTargetPlatform
[2019.04.12-19.41.30:819][  0]LogTemp: Display: Loaded TP AndroidTargetPlatform
[2019.04.12-19.41.30:819][  0]LogTemp: Display: Loaded TP AndroidTargetPlatform
[2019.04.12-19.41.30:819][  0]LogTemp: Display: Loaded TP AndroidTargetPlatform
[2019.04.12-19.41.30:819][  0]LogTemp: Display: Loaded TP AndroidTargetPlatform
[2019.04.12-19.41.30:819][  0]LogTemp: Display: Loaded TP AndroidTargetPlatform
[2019.04.12-19.41.30:819][  0]LogTemp: Display: Loaded TP AndroidTargetPlatform
[2019.04.12-19.41.30:819][  0]LogTemp: Display: Loaded TP AndroidTargetPlatform
[2019.04.12-19.41.30:819][  0]LogTemp: Display: Loaded TP AndroidTargetPlatform
[2019.04.12-19.41.30:819][  0]LogTemp: Display: Loaded TP AndroidTargetPlatform
[2019.04.12-19.41.30:821][  0]LogTemp: Display: Loaded TP HTML5TargetPlatform
[2019.04.12-19.41.30:892][  0]LogTemp: Display: Loaded TP IOSTargetPlatform
[2019.04.12-19.41.30:892][  0]LogTemp: Display: Loaded TP IOSTargetPlatform
[2019.04.12-19.41.30:923][  0]LogTemp: Display: Loaded TP TVOSTargetPlatform
[2019.04.12-19.41.30:923][  0]LogTemp: Display: Loaded TP TVOSTargetPlatform
[2019.04.12-19.41.30:937][  0]LogTemp: Display: Loaded TP LinuxClientTargetPlatform
[2019.04.12-19.41.30:954][  0]LogTemp: Display: Loaded TP LinuxNoEditorTargetPlatform
[2019.04.12-19.41.30:970][  0]LogTemp: Display: Loaded TP LinuxServerTargetPlatform
[2019.04.12-19.41.30:986][  0]LogTemp: Display: Loaded TP LinuxTargetPlatform
[2019.04.12-19.41.31:045][  0]LogTemp: Display: Loaded TP LuminTargetPlatform
[2019.04.12-19.41.31:045][  0]LogTemp: Display: Loaded TP LuminTargetPlatform
[2019.04.12-19.41.31:045][  0]LogTargetPlatformManager: Display: Building Assets For Windows
[2019.04.12-19.41.31:116][  0]LogShaderCompilers: Guid format shader working directory is -8 characters bigger than the processId version (D:/Profiles/btf6119/source/repos/network_class/RedConquest/Intermediate/Shaders/WorkingDirectory/10152/).
[2019.04.12-19.41.31:116][  0]LogShaderCompilers: Cleaned the shader compiler working directory 'D:/Profiles/btf6119/AppData/Local/Temp/UnrealShaderWorkingDir/6BA4244B4E13E3A3160E659EEF5EC040/'.
[2019.04.12-19.41.31:119][  0]LogXGEController: Cannot use XGE Controller as Incredibuild is not installed on this machine.
[2019.04.12-19.41.31:119][  0]LogShaderCompilers: Cannot use XGE Shader Compiler as Incredibuild is not installed on this machine.
[2019.04.12-19.41.31:119][  0]LogShaderCompilers: Display: Using Local Shader Compiler.
[2019.04.12-19.41.31:907][  0]LogDerivedDataCache: Display: Max Cache Size: 512 MB
[2019.04.12-19.41.31:982][  0]LogDerivedDataCache: Loaded boot cache 0.07s 86MB D:/Profiles/btf6119/AppData/Local/UnrealEngine/4.21/DerivedDataCache/Boot.ddc.
[2019.04.12-19.41.31:982][  0]LogDerivedDataCache: Display: Loaded Boot cache: D:/Profiles/btf6119/AppData/Local/UnrealEngine/4.21/DerivedDataCache/Boot.ddc
[2019.04.12-19.41.31:982][  0]LogDerivedDataCache: FDerivedDataBackendGraph:  Pak pak cache file D:/Profiles/btf6119/source/repos/network_class/RedConquest/DerivedDataCache/DDC.ddp not found, will not use a pak cache.
[2019.04.12-19.41.31:982][  0]LogDerivedDataCache: Unable to find inner node Pak for hierarchical cache Hierarchy.
[2019.04.12-19.41.31:982][  0]LogDerivedDataCache: FDerivedDataBackendGraph:  CompressedPak pak cache file D:/Profiles/btf6119/source/repos/network_class/RedConquest/DerivedDataCache/Compressed.ddp not found, will not use a pak cache.
[2019.04.12-19.41.31:982][  0]LogDerivedDataCache: Unable to find inner node CompressedPak for hierarchical cache Hierarchy.
[2019.04.12-19.41.32:000][  0]LogDerivedDataCache: Display: Pak cache opened for reading ../../../Engine/DerivedDataCache/Compressed.ddp.
[2019.04.12-19.41.32:000][  0]LogDerivedDataCache: FDerivedDataBackendGraph:  EnterprisePak pak cache file ../../../Enterprise/DerivedDataCache/Compressed.ddp not found, will not use a pak cache.
[2019.04.12-19.41.32:000][  0]LogDerivedDataCache: Unable to find inner node EnterprisePak for hierarchical cache Hierarchy.
[2019.04.12-19.41.32:012][  0]LogDerivedDataCache: Using Local data cache path D:/Profiles/btf6119/AppData/Local/UnrealEngine/Common/DerivedDataCache: Writable
[2019.04.12-19.41.32:012][  0]LogDerivedDataCache: Shared data cache path not found in *engine.ini, will not use an Shared cache.
[2019.04.12-19.41.32:012][  0]LogDerivedDataCache: Unable to find inner node Shared for hierarchical cache Hierarchy.
[2019.04.12-19.41.32:040][  0]LogMaterial: Verifying Global Shaders for PCD3D_SM5
[2019.04.12-19.41.32:042][  0]LogSlate: Using FreeType 2.6.0
[2019.04.12-19.41.32:042][  0]LogSlate: SlateFontServices - WITH_FREETYPE: 1, WITH_HARFBUZZ: 1
[2019.04.12-19.41.32:149][  0]LogAssetRegistry: FAssetRegistry took 0.0386 seconds to start up
[2019.04.12-19.41.32:714][  0]LogInit: Selected Device Profile: [Windows]
[2019.04.12-19.41.32:925][  0]LogSimplygon: Simplygon DLL not present - disabling.
[2019.04.12-19.41.32:930][  0]LogMeshReduction: Using SimplygonSwarm for distributed automatic mesh merging
[2019.04.12-19.41.32:930][  0]LogMeshReduction: Using ProxyLODMeshReduction for automatic mesh merging
[2019.04.12-19.41.32:930][  0]LogMeshReduction: Using QuadricMeshReduction for automatic static mesh reduction
[2019.04.12-19.41.32:930][  0]LogMeshReduction: No automatic skeletal mesh reduction module available
[2019.04.12-19.41.32:954][  0]LogNetVersion: RedConquest 1.0.0, NetCL: 4541578, EngineNetVer: 5, GameNetVer: 0 (Checksum: 180569219)
[2019.04.12-19.41.33:763][  0]LogPackageLocalizationCache: Processed 11 localized package path(s) for 2 prioritized culture(s) in 0.166680 seconds
[2019.04.12-19.41.33:774][  0]LogUObjectArray: 39775 objects as part of root set at end of initial load.
[2019.04.12-19.41.33:774][  0]LogUObjectAllocator: 6914656 out of 0 bytes used by permanent object pool.
[2019.04.12-19.41.33:774][  0]LogUObjectArray: CloseDisregardForGC: 0/0 objects in disregard for GC pool
[2019.04.12-19.41.34:890][  0]LogTcpMessaging: Initializing TcpMessaging bridge
[2019.04.12-19.41.34:903][  0]LogUdpMessaging: Initializing bridge on interface 0.0.0.0:0 to multicast group 230.0.0.1:6666.
[2019.04.12-19.41.35:739][  0]SourceControl: Source control is disabled
[2019.04.12-19.41.35:739][  0]SourceControl: Source control is disabled
[2019.04.12-19.41.35:741][  0]SourceControl: Source control is disabled
[2019.04.12-19.41.35:743][  0]SourceControl: Source control is disabled
[2019.04.12-19.41.35:932][  0]LogAndroidPermission: UAndroidPermissionCallbackProxy::GetInstance
[2019.04.12-19.41.36:067][  0]LogOcInput: OculusInput pre-init called
[2019.04.12-19.41.36:216][  0]LogEngine: Initializing Engine...
[2019.04.12-19.41.36:217][  0]LogHMD: Failed to initialize OpenVR with code 110
[2019.04.12-19.41.36:221][  0]LogStats: UGameplayTagsManager::ConstructGameplayTagTree: ImportINI prefixes -  0.000 s
[2019.04.12-19.41.36:221][  0]LogStats: UGameplayTagsManager::ConstructGameplayTagTree: Construct from data asset -  0.000 s
[2019.04.12-19.41.36:221][  0]LogStats: UGameplayTagsManager::ConstructGameplayTagTree: ImportINI -  0.000 s
[2019.04.12-19.41.36:221][  0]LogStats: UGameplayTagsManager::ConstructGameplayTagTree: GameplayTagTreeChangedEvent.Broadcast -  0.000 s
[2019.04.12-19.41.36:495][  0]LogInit: Initializing FReadOnlyCVARCache
[2019.04.12-19.41.36:512][  0]LogAIModule: Creating AISystem for world Untitled
[2019.04.12-19.41.36:559][  0]LogInit: XAudio2 using 'Realtek Digital Output (Realtek High Definition Audio)' : 2 channels at 48 kHz using 16 bits per sample (channel mask 0x3)
[2019.04.12-19.41.36:645][  0]LogInit: FAudioDevice initialized.
[2019.04.12-19.41.36:646][  0]LogNetVersion: Set ProjectVersion to 1.0.0.0. Version Checksum will be recalculated on next use.
[2019.04.12-19.41.36:763][  0]LogDerivedDataCache: Saved boot cache 0.12s 86MB D:/Profiles/btf6119/AppData/Local/UnrealEngine/4.21/DerivedDataCache/Boot.ddc.
[2019.04.12-19.41.36:789][  0]LogInit: Texture streaming: Enabled
[2019.04.12-19.41.36:822][  0]LogEngineSessionManager: EngineSessionManager initialized
[2019.04.12-19.41.36:839][  0]LogInit: Transaction tracking system initialized
[2019.04.12-19.41.36:868][  0]BlueprintLog: New page: Editor Load
[2019.04.12-19.41.36:971][  0]LocalizationService: Localization service is disabled
[2019.04.12-19.41.37:492][  0]LogFileCache: Scanning file cache for directory 'D:/Profiles/btf6119/source/repos/network_class/RedConquest/Content/' took 0.02s
[2019.04.12-19.41.37:492][  0]LogCook: Display: Max memory allowance for cook 16384mb min free memory 0mb
[2019.04.12-19.41.37:492][  0]LogCook: Display: Mobile HDR setting 1
[2019.04.12-19.41.37:492][  0]LogGameplayTags: Display: UGameplayTagsManager::DoneAddingNativeTags. DelegateIsBound: 0
[2019.04.12-19.41.37:492][  0]LogStats: UGameplayTagsManager::ConstructGameplayTagTree: ImportINI prefixes -  0.000 s
[2019.04.12-19.41.37:493][  0]LogStats: UGameplayTagsManager::ConstructGameplayTagTree: Construct from data asset -  0.000 s
[2019.04.12-19.41.37:493][  0]LogStats: UGameplayTagsManager::ConstructGameplayTagTree: ImportINI -  0.000 s
[2019.04.12-19.41.37:493][  0]LogStats: UGameplayTagsManager::ConstructGameplayTagTree: GameplayTagTreeChangedEvent.Broadcast -  0.000 s
[2019.04.12-19.41.37:646][  0]SourceControl: Source control is disabled
[2019.04.12-19.41.37:646][  0]Cmd: MAP LOAD FILE="D:/Profiles/btf6119/source/repos/network_class/RedConquest/Content/FirstPersonBP/Maps/FirstPersonExampleMap.umap" TEMPLATE=0 SHOWPROGRESS=1 FEATURELEVEL=3
[2019.04.12-19.41.37:646][  0]LightingResults: New page: Lighting Build
[2019.04.12-19.41.37:650][  0]MapCheck: New page: Map Check
[2019.04.12-19.41.37:650][  0]LightingResults: New page: Lighting Build
[2019.04.12-19.41.37:942][  0]LogLinker: Warning: Can't find file '/Game/FirstPersonBP/Maps/FirstPersonExampleMap_BuiltData'
[2019.04.12-19.41.37:943][  0]LogLinker: Warning: Can't find file for asset '/Game/FirstPersonBP/Maps/FirstPersonExampleMap_BuiltData' while loading D:/Profiles/btf6119/source/repos/network_class/RedConquest/Content/FirstPersonBP/Maps/FirstPersonExampleMap.umap.
[2019.04.12-19.41.37:943][  0]LoadErrors: Error: /Game/FirstPersonBP/Maps/FirstPersonExampleMap : Can't find file for asset. /Game/FirstPersonBP/Maps/FirstPersonExampleMap_BuiltData
[2019.04.12-19.41.37:950][  0]LogLinker: Warning: Can't find file '/Game/FirstPersonBP/Maps/FirstPersonExampleMap_BuiltData'
[2019.04.12-19.41.37:950][  0]LogLinker: Warning: Can't find file for asset '/Game/FirstPersonBP/Maps/FirstPersonExampleMap_BuiltData' while loading D:/Profiles/btf6119/source/repos/network_class/RedConquest/Content/FirstPersonBP/Maps/FirstPersonExampleMap.umap.
[2019.04.12-19.41.37:950][  0]LoadErrors: Error: /Game/FirstPersonBP/Maps/FirstPersonExampleMap : Can't find file for asset. /Game/FirstPersonBP/Maps/FirstPersonExampleMap_BuiltData
[2019.04.12-19.41.37:954][  0]LogLinker: Warning: Can't find file '/Game/FirstPersonBP/Maps/FirstPersonExampleMap_BuiltData'
[2019.04.12-19.41.37:954][  0]LogLinker: Warning: Can't find file for asset '/Game/FirstPersonBP/Maps/FirstPersonExampleMap_BuiltData' while loading NULL.
[2019.04.12-19.41.37:954][  0]LogLinker: Warning: Can't find file '/Game/FirstPersonBP/Maps/FirstPersonExampleMap_BuiltData'
[2019.04.12-19.41.37:954][  0]LogLinker: Warning: Can't find file for asset '/Game/FirstPersonBP/Maps/FirstPersonExampleMap_BuiltData' while loading NULL.
[2019.04.12-19.41.37:966][  0]LogLinker: Warning: Can't find file '/Game/FirstPersonBP/Maps/FirstPersonExampleMap_BuiltData'
[2019.04.12-19.41.37:966][  0]LoadErrors: Failed to load /Game/FirstPersonBP/Maps/FirstPersonExampleMap_BuiltData.FirstPersonExampleMap_BuiltData Referenced by PersistentLevel
[2019.04.12-19.41.37:966][  0]LogLinker: Warning: Can't find file for asset '/Game/FirstPersonBP/Maps/FirstPersonExampleMap_BuiltData' while loading NULL.
[2019.04.12-19.41.37:966][  0]LoadErrors: Failed to load /Game/FirstPersonBP/Maps/FirstPersonExampleMap_BuiltData.FirstPersonExampleMap_BuiltData Referenced by PersistentLevel
[2019.04.12-19.41.38:180][  0]LogMaterial: Display: Missing cached shader map for material Ghost_Mat, compiling. 
[2019.04.12-19.41.38:303][  0]LogShaderCompilers: Display: Shaders left to compile 31
[2019.04.12-19.41.38:303][  0]LogShaderCompilers: Display: Shaders left to compile 21
[2019.04.12-19.41.38:303][  0]LogShaderCompilers: Display: Shaders left to compile 11
[2019.04.12-19.41.38:303][  0]LogShaderCompilers: Display: Shaders left to compile 1
[2019.04.12-19.41.38:303][  0]LogAIModule: Creating AISystem for world FirstPersonExampleMap
[2019.04.12-19.41.38:320][  0]LogEditorServer: Finished looking for orphan Actors (0.000 secs)
[2019.04.12-19.41.38:351][  0]Cmd: MAP CHECKDEP NOCLEARLOG
[2019.04.12-19.41.38:351][  0]MapCheck: Map check complete: 0 Error(s), 0 Warning(s), took 0.159ms to complete.
[2019.04.12-19.41.38:351][  0]LogFileHelpers: Loading map 'FirstPersonExampleMap' took 0.705
[2019.04.12-19.41.38:507][  0]LogSlate: Updating window title bar state: overlay mode, drag disabled, window buttons hidden, title bar hidden
[2019.04.12-19.41.38:518][  0]LogSlate: Updating window title bar state: overlay mode, drag disabled, window buttons hidden, title bar hidden
[2019.04.12-19.41.38:527][  0]LogSlate: Updating window title bar state: overlay mode, drag disabled, window buttons hidden, title bar hidden
[2019.04.12-19.41.38:538][  0]LogSlate: Updating window title bar state: overlay mode, drag disabled, window buttons hidden, title bar hidden
[2019.04.12-19.41.38:551][  0]LogCollectionManager: Loaded 0 collections in 0.002174 seconds
[2019.04.12-19.41.38:597][  0]LogFileCache: Scanning file cache for directory 'D:/Profiles/btf6119/source/repos/network_class/RedConquest/Saved/Collections/' took 0.01s
[2019.04.12-19.41.38:597][  0]LogFileCache: Scanning file cache for directory 'D:/Profiles/btf6119/source/repos/network_class/RedConquest/Content/Developers/btf6119/Collections/' took 0.01s
[2019.04.12-19.41.38:597][  0]LogFileCache: Scanning file cache for directory 'D:/Profiles/btf6119/source/repos/network_class/RedConquest/Content/Collections/' took 0.01s
[2019.04.12-19.41.38:597][  0]LogCollectionManager: Rebuilt the GUID cache for 0 collections in 0.000001 seconds
[2019.04.12-19.41.38:610][  0]LogContentBrowser: Native class hierarchy populated in 0.0121 seconds. Added 2651 classes and 620 folders.
[2019.04.12-19.41.38:618][  0]LogContentBrowser: Native class hierarchy updated for 'WidgetCarousel' in 0.0003 seconds. Added 0 classes and 0 folders.
[2019.04.12-19.41.38:630][  0]LogPakFile: Registered encryption key '00000000000000000000000000000000': 0 pak files mounted, 0 remain pending
[2019.04.12-19.41.38:639][  0]LogPakFile: Registered encryption key '00000000000000000000000000000000': 0 pak files mounted, 0 remain pending
[2019.04.12-19.41.38:662][  0]LogPakFile: Registered encryption key '00000000000000000000000000000000': 0 pak files mounted, 0 remain pending
[2019.04.12-19.41.38:669][  0]LogPakFile: Registered encryption key '00000000000000000000000000000000': 0 pak files mounted, 0 remain pending
[2019.04.12-19.41.38:676][  0]LogPakFile: Registered encryption key '00000000000000000000000000000000': 0 pak files mounted, 0 remain pending
[2019.04.12-19.41.38:684][  0]LogPakFile: Registered encryption key '00000000000000000000000000000000': 0 pak files mounted, 0 remain pending
[2019.04.12-19.41.38:692][  0]LogPakFile: Registered encryption key '00000000000000000000000000000000': 0 pak files mounted, 0 remain pending
[2019.04.12-19.41.38:699][  0]LogPakFile: Registered encryption key '00000000000000000000000000000000': 0 pak files mounted, 0 remain pending
[2019.04.12-19.41.38:708][  0]LogPakFile: Registered encryption key '00000000000000000000000000000000': 0 pak files mounted, 0 remain pending
[2019.04.12-19.41.38:715][  0]LogPakFile: Registered encryption key '00000000000000000000000000000000': 0 pak files mounted, 0 remain pending
[2019.04.12-19.41.38:720][  0]LogPakFile: Registered encryption key '00000000000000000000000000000000': 0 pak files mounted, 0 remain pending
[2019.04.12-19.41.38:725][  0]LogPakFile: Registered encryption key '00000000000000000000000000000000': 0 pak files mounted, 0 remain pending
[2019.04.12-19.41.38:731][  0]LogPakFile: Registered encryption key '00000000000000000000000000000000': 0 pak files mounted, 0 remain pending
[2019.04.12-19.41.38:736][  0]LogPakFile: Registered encryption key '00000000000000000000000000000000': 0 pak files mounted, 0 remain pending
[2019.04.12-19.41.38:741][  0]LogPakFile: Registered encryption key '00000000000000000000000000000000': 0 pak files mounted, 0 remain pending
[2019.04.12-19.41.38:746][  0]LogPakFile: Registered encryption key '00000000000000000000000000000000': 0 pak files mounted, 0 remain pending
[2019.04.12-19.41.38:772][  0]LogPakFile: Registered encryption key '00000000000000000000000000000000': 0 pak files mounted, 0 remain pending
[2019.04.12-19.41.38:778][  0]LogPakFile: Registered encryption key '00000000000000000000000000000000': 0 pak files mounted, 0 remain pending
[2019.04.12-19.41.38:783][  0]LogPakFile: Registered encryption key '00000000000000000000000000000000': 0 pak files mounted, 0 remain pending
[2019.04.12-19.41.38:789][  0]LogPakFile: Registered encryption key '00000000000000000000000000000000': 0 pak files mounted, 0 remain pending
[2019.04.12-19.41.38:817][  0]LogPakFile: Registered encryption key '00000000000000000000000000000000': 0 pak files mounted, 0 remain pending
[2019.04.12-19.41.38:824][  0]LogPakFile: Registered encryption key '00000000000000000000000000000000': 0 pak files mounted, 0 remain pending
[2019.04.12-19.41.38:830][  0]LogPakFile: Registered encryption key '00000000000000000000000000000000': 0 pak files mounted, 0 remain pending
[2019.04.12-19.41.38:835][  0]LogPakFile: Registered encryption key '00000000000000000000000000000000': 0 pak files mounted, 0 remain pending
[2019.04.12-19.41.38:841][  0]LogPakFile: Registered encryption key '00000000000000000000000000000000': 0 pak files mounted, 0 remain pending
[2019.04.12-19.41.38:847][  0]LogPakFile: Registered encryption key '00000000000000000000000000000000': 0 pak files mounted, 0 remain pending
[2019.04.12-19.41.39:091][  0]LogContentBrowser: Native class hierarchy updated for 'AddContentDialog' in 0.0005 seconds. Added 0 classes and 0 folders.
[2019.04.12-19.41.39:168][  0]LogContentBrowser: Native class hierarchy updated for 'SceneOutliner' in 0.0005 seconds. Added 1 classes and 2 folders.
[2019.04.12-19.41.39:208][  0]LogSlate: Took 0.000247 seconds to synchronously load lazily loaded font '../../../Engine/Content/Slate/Fonts/Roboto-Regular.ttf' (155K)
[2019.04.12-19.41.39:213][  0]LogSlate: Took 0.000222 seconds to synchronously load lazily loaded font '../../../Engine/Content/Slate/Fonts/Roboto-Bold.ttf' (160K)
[2019.04.12-19.41.39:235][  0]LogSlate: Took 0.011047 seconds to synchronously load lazily loaded font '../../../Engine/Content/Editor/Slate/Fonts/FontAwesome.ttf' (139K)
[2019.04.12-19.41.39:414][  0]LogRenderer: Reallocating scene render targets to support 1208x576 Format 10 NumSamples 1 (Frame:1).
[2019.04.12-19.41.39:633][  0]LogSlate: FSceneViewport::OnFocusLost() reason 2
[2019.04.12-19.41.39:657][  0]LogSlate: Window 'Tutorials' being destroyed
[2019.04.12-19.41.39:692][  0]LogContentBrowser: Native class hierarchy updated for 'HierarchicalLODOutliner' in 0.0003 seconds. Added 0 classes and 0 folders.
[2019.04.12-19.41.39:692][  0]LogLoad: (Engine Initialization) Total time: 12.92 seconds
[2019.04.12-19.41.39:692][  0]LogLoad: (Engine Initialization) Total Blueprint compile time: 0.00 seconds
[2019.04.12-19.41.39:764][  0]LogContentStreaming: Texture pool size now 1000 MB
[2019.04.12-19.41.39:767][  0]LogSlate: FSceneViewport::OnFocusLost() reason 2
[2019.04.12-19.41.39:841][  0]LogSlate: Took 0.020700 seconds to synchronously load lazily loaded font '../../../Engine/Content/Slate/Fonts/Roboto-Light.ttf' (167K)
[2019.04.12-19.41.40:056][  3]LogAssetRegistry: Asset discovery search completed in 7.9285 seconds
[2019.04.12-19.41.40:058][  3]LogCollectionManager: Rebuilt the object cache for 0 collections in 0.000000 seconds (found 0 objects)
[2019.04.12-19.41.40:058][  3]LogCollectionManager: Fixed up redirectors for 0 collections in 0.000069 seconds (updated 0 objects)
[2019.04.12-19.45.19:787][988]LogSlate: Window 'Message Log' being destroyed
[2019.04.12-19.45.19:790][988]LogSlate: Window 'Message Log' being destroyed
[2019.04.12-19.45.20:871][117]LogSlate: FSceneViewport::OnFocusLost() reason 0
[2019.04.12-19.45.28:030][905]LogAIModule: Creating AISystem for world FirstPersonExampleMap_2
[2019.04.12-19.45.29:212][ 35]LogSlate: Took 0.000219 seconds to synchronously load lazily loaded font '../../../Engine/Content/Slate/Fonts/Roboto-Light.ttf' (167K)
[2019.04.12-19.45.29:221][ 35]LogAssetEditorManager: Opening Asset editor for World /Game/FirstPersonBP/Maps/FirstPersonExampleMap_2.FirstPersonExampleMap_2
[2019.04.12-19.45.30:692][ 35]LogSlate: Window 'Save Content' being destroyed
[2019.04.12-19.45.34:135][428]LogMetaData: Removing '/Game/FirstPersonBP/Maps/BenMap.SKEL_BenMap_C' ref from Metadata '/Game/FirstPersonBP/Maps/FirstPersonExampleMap_2.PackageMetaData'
[2019.04.12-19.45.34:135][428]LogMetaData: Removing '/Game/FirstPersonBP/Maps/BenMap.BenMap_C' ref from Metadata '/Game/FirstPersonBP/Maps/FirstPersonExampleMap_2.PackageMetaData'
[2019.04.12-19.45.34:475][428]LogSavePackage: Moving 'D:/Profiles/btf6119/source/repos/network_class/RedConquest/Saved/BenMap3C5FCF5C4ED7208FFCB68B81F34BD268.tmp' to 'D:/Profiles/btf6119/source/repos/network_class/RedConquest/Content/FirstPersonBP/Maps/BenMap.umap'
[2019.04.12-19.45.34:495][428]LogFileHelpers: Saving map 'BenMap' took 0.346
[2019.04.12-19.45.35:965][578]LogAssetEditorManager: Opening Asset editor for World /Game/FirstPersonBP/Maps/BenMap.BenMap
[2019.04.12-19.45.35:986][578]Cmd: MAP LOAD FILE="D:/Profiles/btf6119/source/repos/network_class/RedConquest/Content/FirstPersonBP/Maps/BenMap.umap" TEMPLATE=0 SHOWPROGRESS=1 FEATURELEVEL=3
[2019.04.12-19.45.35:986][578]LightingResults: New page: Lighting Build
[2019.04.12-19.45.35:987][578]LoadErrors: New page: Loading map: BenMap.umap
[2019.04.12-19.45.35:988][578]MapCheck: New page: Map Check
[2019.04.12-19.45.35:988][578]LightingResults: New page: Lighting Build
[2019.04.12-19.45.36:015][578]LogEditorServer: Finished looking for orphan Actors (0.000 secs)
[2019.04.12-19.45.36:062][578]Cmd: MAP CHECKDEP NOCLEARLOG
[2019.04.12-19.45.36:063][578]MapCheck: Map check complete: 0 Error(s), 0 Warning(s), took 0.113ms to complete.
[2019.04.12-19.45.36:064][578]LogFileHelpers: Loading map 'BenMap' took 0.079
[2019.04.12-19.45.45:948][755]LogAssetEditorManager: Opening Asset editor for World /Game/FirstPersonBP/Maps/BenMap.BenMap
[2019.04.12-19.45.45:969][755]Cmd: MAP LOAD FILE="D:/Profiles/btf6119/source/repos/network_class/RedConquest/Content/FirstPersonBP/Maps/BenMap.umap" TEMPLATE=0 SHOWPROGRESS=1 FEATURELEVEL=3
[2019.04.12-19.45.45:969][755]LightingResults: New page: Lighting Build
[2019.04.12-19.45.45:970][755]LoadErrors: New page: Loading map: BenMap.umap
[2019.04.12-19.45.45:970][755]MapCheck: New page: Map Check
[2019.04.12-19.45.45:970][755]LightingResults: New page: Lighting Build
[2019.04.12-19.45.46:021][755]LogAIModule: Creating AISystem for world BenMap
[2019.04.12-19.45.46:047][755]LogEditorServer: Finished looking for orphan Actors (0.000 secs)
[2019.04.12-19.45.46:092][755]Cmd: MAP CHECKDEP NOCLEARLOG
[2019.04.12-19.45.46:092][755]MapCheck: Map check complete: 0 Error(s), 0 Warning(s), took 0.115ms to complete.
[2019.04.12-19.45.46:093][755]LogFileHelpers: Loading map 'BenMap' took 0.125
[2019.04.12-19.45.49:517][148]LogSlate: FSceneViewport::OnFocusLost() reason 0
[2019.04.12-19.45.49:585][156]MapCheck: New page: Map Check
[2019.04.12-19.45.49:597][156]Cmd: MAP REBUILD ALLVISIBLE
[2019.04.12-19.45.49:597][156]LogEditorServer: Rebuildmap Clear paths rebuilt
[2019.04.12-19.45.49:656][156]LogMaterial: Display: Missing cached shader map for material FDebugViewModeMaterialProxy AntiAliasedTextMaterialTranslucent, compiling. 
[2019.04.12-19.45.49:665][156]LogShaderCompilers: Display: Shaders left to compile 1
[2019.04.12-19.45.49:665][156]LogMaterial: Display: Missing cached shader map for material FDebugViewModeMaterialProxy MaterialInstanceDynamic_0, compiling. 
[2019.04.12-19.45.49:674][156]LogShaderCompilers: Display: Shaders left to compile 1
[2019.04.12-19.45.49:674][156]LogMaterial: Display: Missing cached shader map for material FDebugViewModeMaterialProxy CubeMaterialOverride, compiling. 
[2019.04.12-19.45.49:686][156]LogShaderCompilers: Display: Shaders left to compile 1
[2019.04.12-19.45.49:686][156]LogMaterial: Display: Missing cached shader map for material FDebugViewModeMaterialProxy CubeMaterial, compiling. 
[2019.04.12-19.45.49:697][156]LogMaterial: Display: Missing cached shader map for material FDebugViewModeMaterialProxy MatineeCam_mat, compiling. 
[2019.04.12-19.45.49:709][156]LogShaderCompilers: Display: Shaders left to compile 1
[2019.04.12-19.45.49:709][156]LogMaterial: Display: Missing cached shader map for material FDebugViewModeMaterialProxy M_FPGun, compiling. 
[2019.04.12-19.45.49:728][156]LogMaterial: Display: Missing cached shader map for material FDebugViewModeMaterialProxy M_UE4Man_Body, compiling. 
[2019.04.12-19.45.50:382][156]LogShaderCompilers: Display: Shaders left to compile 3
[2019.04.12-19.45.50:382][156]LogShaderCompilers: Display: Shaders left to compile 2
[2019.04.12-19.45.50:382][156]LogShaderCompilers: Display: Shaders left to compile 1
[2019.04.12-19.45.50:382][156]TextureStreamingBuild: Display: Compiling optional shaders took 0.733 seconds.
[2019.04.12-19.45.50:409][156]LogLevel: Display: Export Material TexCoord Scales took 0.027 seconds.
[2019.04.12-19.45.50:422][156]TextureStreamingBuild: Display: Build Texture Streaming took 0.013 seconds.
[2019.04.12-19.45.50:442][156]LightingResults: New page: Lighting Build - Apr 12, 2019, 11:45:50 AM
[2019.04.12-19.45.50:535][156]LogSwarmInterface: [OpenConnection] Registering TCP channel ...
[2019.04.12-19.45.50:856][156]LogSwarmInterface: [OpenConnection] Connecting to agent ...
[2019.04.12-19.45.50:893][156]LogSwarmInterface: [TryOpenConnection] Testing the Agent
[2019.04.12-19.45.51:938][156]LogSwarmInterface: [TryOpenConnection] Opening Connection to Agent
[2019.04.12-19.45.51:939][156]LogSwarmInterface: [TryOpenConnection] Local Process ID is 10152
[2019.04.12-19.45.52:602][156]LogStaticLightingSystem: Running Lightmass w/ ImmediateImport mode ENABLED
[2019.04.12-19.45.52:602][156]LogStaticLightingSystem: Running Lightmass w/ ImmediateProcess mode ENABLED
[2019.04.12-19.45.52:602][156]LogStaticLightingSystem: Running Lightmass w/ Sorting mode ENABLED
[2019.04.12-19.45.52:602][156]LogStaticLightingSystem: Running Lightmass w/ Mapping paddings ENABLED
[2019.04.12-19.45.52:602][156]LogStaticLightingSystem: Running Lightmass w/ Mapping debug paddings DISABLED
[2019.04.12-19.45.52:848][156]Cmd: MAP CHECK DONTDISPLAYDIALOG
[2019.04.12-19.45.52:849][156]MapCheck: New page: BenMap - Apr 12, 2019, 11:45:52 AM
[2019.04.12-19.45.52:859][156]MapCheck: Error: WorldInfo_0 Maps need lighting rebuilt 
[2019.04.12-19.45.52:861][156]MapCheck: Map check complete: 1 Error(s), 0 Warning(s), took 12.082ms to complete.
[2019.04.12-19.45.52:884][156]LogEditorBuildUtils: Build time 0:03
[2019.04.12-19.45.52:912][156]LogMaterial: Display: Missing cached shader map for material FLightmassMaterialRenderer MaterialInstanceDynamic_0, compiling. 
[2019.04.12-19.45.52:927][156]LogShaderCompilers: Display: Shaders left to compile 2
[2019.04.12-19.45.52:927][156]LogMaterial: Display: Missing cached shader map for material FLightmassMaterialRenderer MaterialInstanceDynamic_0, compiling. 
[2019.04.12-19.45.52:933][156]LogShaderCompilers: Display: Shaders left to compile 2
[2019.04.12-19.45.52:992][157]LogMaterial: Display: Missing cached shader map for material FLightmassMaterialRenderer CubeMaterial, compiling. 
[2019.04.12-19.45.53:005][157]LogShaderCompilers: Display: Shaders left to compile 2
[2019.04.12-19.45.53:005][157]LogMaterial: Display: Missing cached shader map for material FLightmassMaterialRenderer CubeMaterial, compiling. 
[2019.04.12-19.45.53:023][157]LogShaderCompilers: Display: Shaders left to compile 2
[2019.04.12-19.45.53:040][158]LogMaterial: Display: Missing cached shader map for material FLightmassMaterialRenderer WorldGridMaterial, compiling. Is special engine material.
[2019.04.12-19.45.53:060][158]LogMaterial: Display: Missing cached shader map for material FLightmassMaterialRenderer WorldGridMaterial, compiling. Is special engine material.
[2019.04.12-19.45.54:290][159]LogShaderCompilers: Display: Shaders left to compile 4
[2019.04.12-19.46.36:780][508]Job is a success!
[2019.04.12-19.46.36:830][509]LogVolumetricLightmapImport: Imported Volumetric Lightmap in 0.018s
[2019.04.12-19.46.36:830][509]LogVolumetricLightmapImport:      Indirection Texture 16x16x16 = 0.0Mb
[2019.04.12-19.46.36:830][509]LogVolumetricLightmapImport:      BrickData 335x5x5 = 0.3Mb (trimmed 0.0Mb due to 0.010000 MinBrickError)
[2019.04.12-19.46.36:830][509]LogVolumetricLightmapImport:      Bricks at Level
[2019.04.12-19.46.36:830][509]LogVolumetricLightmapImport:          0: 1.5% covering 100.0% of volume
[2019.04.12-19.46.36:830][509]LogVolumetricLightmapImport:          1: 6.0% covering 6.3% of volume
[2019.04.12-19.46.36:830][509]LogVolumetricLightmapImport:          2: 92.5% covering 1.5% of volume
[2019.04.12-19.46.39:924][509]LogTexture: Display: Building textures: SkyOcclusion0_1 (AutoDXT, 2048X1024)
[2019.04.12-19.46.39:924][509]LogTexture: Display: Building textures: HQ_Lightmap0_1 (AutoDXT, 2048X2048)
[2019.04.12-19.46.39:924][509]LogTexture: Display: Building textures: LQ_Lightmap_0_1 (DXT1, 2048X2048)
[2019.04.12-19.46.39:924][509]LogTexture: Display: Building textures: SkyOcclusion0_2 (AutoDXT, 2048X1024)
[2019.04.12-19.46.39:924][509]LogTexture: Display: Building textures: HQ_Lightmap0_2 (AutoDXT, 2048X2048)
[2019.04.12-19.46.39:924][509]LogTexture: Display: Building textures: LQ_Lightmap_0_2 (DXT1, 2048X2048)
[2019.04.12-19.46.39:925][509]LogTexture: Display: Building textures: SkyOcclusion0_3 (AutoDXT, 2048X1024)
[2019.04.12-19.46.39:925][509]LogTexture: Display: Building textures: HQ_Lightmap0_3 (AutoDXT, 2048X2048)
[2019.04.12-19.46.39:925][509]LogTexture: Display: Building textures: LQ_Lightmap_0_3 (DXT1, 2048X2048)
[2019.04.12-19.46.39:925][509]LogTexture: Display: Building textures: SkyOcclusion0_4 (AutoDXT, 2048X1024)
[2019.04.12-19.46.39:925][509]LogTexture: Display: Building textures: HQ_Lightmap0_4 (AutoDXT, 2048X2048)
[2019.04.12-19.46.39:925][509]LogTexture: Display: Building textures: LQ_Lightmap_0_4 (DXT1, 2048X2048)
[2019.04.12-19.46.39:925][509]LogTexture: Display: Building textures: SkyOcclusion0_5 (AutoDXT, 64X32)
[2019.04.12-19.46.39:925][509]LogTexture: Display: Building textures: HQ_Lightmap0_5 (AutoDXT, 64X64)
[2019.04.12-19.46.39:925][509]LogTexture: Display: Building textures: LQ_Lightmap_0_5 (DXT1, 64X64)
[2019.04.12-19.46.40:325][509]LogTexture: Display: Building textures: ShadowMapTexture2D_0 (G8, 1024X1024)
[2019.04.12-19.46.40:325][509]LogTexture: Display: Building textures: ShadowMapTexture2D_3 (G8, 1024X1024)
[2019.04.12-19.46.40:325][509]LogTexture: Display: Building textures: ShadowMapTexture2D_7 (G8, 32X32)
[2019.04.12-19.46.40:525][509]LogTexture: Display: Building textures: ShadowMapTexture2D_4 (G8, 1024X1024)
[2019.04.12-19.46.40:525][509]LogTexture: Display: Building textures: ShadowMapTexture2D_1 (G8, 1024X1024)
[2019.04.12-19.46.40:525][509]LogTexture: Display: Building textures: ShadowMapTexture2D_2 (G8, 1024X1024)
[2019.04.12-19.46.40:525][509]LogTexture: Display: Building textures: ShadowMapTexture2D_5 (G8, 1024X1024)
[2019.04.12-19.46.40:626][509]LogTexture: Display: Building textures: ShadowMapTexture2D_6 (G8, 1024X1024)
[2019.04.12-19.46.40:653][509]Lightmass on IGM2025-21: 44.2 sec total, 158 ms importing, 19 ms setup, 6.76 sec photons, 37.3 sec processing, 0 ms extra exporting [8/8 mappings]. Threads: 4:20 min total, 2:32 min processing.
[2019.04.12-19.46.40:692][509]LogStaticLightingSystem: Illumination: 50.2 sec (2.70 sec encoding lightmaps, 698 ms encoding shadowmaps)
[2019.04.12-19.46.40:692][509]LogStaticLightingSystem: Lightmap texture memory:  42.7 MB (42.7 MB streaming, 0.0 MB non-streaming), 10 textures
[2019.04.12-19.46.40:692][509]LogStaticLightingSystem: Shadowmap texture memory: 9.3 MB (9.3 MB streaming, 0.0 MB non-streaming), 8 textures
[2019.04.12-19.46.41:640][509]DumpUnbuiltLightIteractions
[2019.04.12-19.46.41:640][509]Lights with unbuilt interactions: 0
[2019.04.12-19.46.41:640][509]
[2019.04.12-19.46.41:640][509]Primitives with unbuilt interactions: 0
[2019.04.12-19.46.41:770][510]Cmd: MAP CHECK NOTIFYRESULTS
[2019.04.12-19.46.41:770][510]MapCheck: New page: BenMap - Apr 12, 2019, 11:46:41 AM
[2019.04.12-19.46.41:772][510]MapCheck: Map check complete: 0 Error(s), 0 Warning(s), took 1.331ms to complete.
[2019.04.12-19.48.36:043][213]LogSlate: Window 'Message Log' being destroyed
[2019.04.12-19.48.36:046][213]LogSlate: Window 'Message Log' being destroyed
[2019.04.12-19.48.43:334][ 75]LogSlate: FSceneViewport::OnFocusLost() reason 0
[2019.04.12-19.48.59:750][600]LogMetaData: Removing '/Game/FirstPersonBP/Blueprints/PlayerUI.SKEL_PlayerUI_C' ref from Metadata '/Game/FirstPersonBP/Blueprints/PlayerHealth.PackageMetaData'
[2019.04.12-19.48.59:750][600]LogMetaData: Removing '/Game/FirstPersonBP/Blueprints/PlayerUI.PlayerUI_C' ref from Metadata '/Game/FirstPersonBP/Blueprints/PlayerHealth.PackageMetaData'
[2019.04.12-19.48.59:750][600]LogMetaData: Removing '/Game/FirstPersonBP/Blueprints/PlayerUI.PlayerUI:EventGraph.K2Node_Event_0' ref from Metadata '/Game/FirstPersonBP/Blueprints/PlayerHealth.PackageMetaData'
[2019.04.12-19.48.59:750][600]LogMetaData: Removing '/Game/FirstPersonBP/Blueprints/PlayerUI.PlayerUI:EventGraph.K2Node_Event_1' ref from Metadata '/Game/FirstPersonBP/Blueprints/PlayerHealth.PackageMetaData'
[2019.04.12-19.48.59:750][600]LogMetaData: Removing '/Game/FirstPersonBP/Blueprints/PlayerUI.PlayerUI:EventGraph.K2Node_Event_2' ref from Metadata '/Game/FirstPersonBP/Blueprints/PlayerHealth.PackageMetaData'
[2019.04.12-19.48.59:764][600]Cmd: OBJ SAVEPACKAGE PACKAGE="/Game/FirstPersonBP/Blueprints/PlayerUI" FILE="D:/Profiles/btf6119/source/repos/network_class/RedConquest/Content/FirstPersonBP/Blueprints/PlayerUI.uasset" SILENT=true
[2019.04.12-19.48.59:781][600]LogSavePackage: Moving 'D:/Profiles/btf6119/source/repos/network_class/RedConquest/Saved/PlayerUIFE86E4004962FE0D20BC8BA67B88918B.tmp' to 'D:/Profiles/btf6119/source/repos/network_class/RedConquest/Content/FirstPersonBP/Blueprints/PlayerUI.uasset'
[2019.04.12-19.49.00:985][692]LogAssetEditorManager: Opening Asset editor for WidgetBlueprint /Game/FirstPersonBP/Blueprints/PlayerUI.PlayerUI
[2019.04.12-19.49.01:609][692]LogContentBrowser: Native class hierarchy updated for 'BlueprintGraph' in 0.0006 seconds. Added 117 classes and 0 folders.
[2019.04.12-19.49.03:545][692]LogSlate: Took 0.009887 seconds to synchronously load lazily loaded font '../../../Engine/Content/Slate/Fonts/Roboto-BoldCondensed.ttf' (158K)
[2019.04.12-19.54.09:412][981]LogSlate: Took 0.015089 seconds to synchronously load lazily loaded font '../../../Engine/Content/Slate/Fonts/DroidSansFallback.ttf' (3848K)
[2019.04.12-19.55.16:017][224]LogSlate: Window 'Color Picker' being destroyed
[2019.04.12-19.55.23:067][677]LogSlate: Window 'Color Picker' being destroyed
[2019.04.12-19.55.53:778][486]LogSlate: Window 'Save Asset As' being destroyed
[2019.04.12-19.58.51:617][770]LogSavePackage: Moving 'D:/Profiles/btf6119/source/repos/network_class/RedConquest/Saved/BenMap_Auto19107E82948B39E5D32CD0392DEF7D543.tmp' to 'D:/Profiles/btf6119/source/repos/network_class/RedConquest/Saved/Autosaves/Game/FirstPersonBP/Maps/BenMap_Auto1.umap'
[2019.04.12-19.58.51:623][770]LogFileHelpers: Editor autosave (incl. sublevels) for '/Game/FirstPersonBP/Maps/BenMap' took 0.327
[2019.04.12-19.58.51:623][770]LogFileHelpers: Editor autosave (incl. sublevels) for all levels took 0.327
[2019.04.12-19.58.51:626][770]OBJ SavePackage: Generating thumbnails for [0] asset(s) in package [/Game/FirstPersonBP/Blueprints/PlayerUI] ([1] browsable assets)...
[2019.04.12-19.58.51:626][770]OBJ SavePackage: Finished generating thumbnails for package [/Game/FirstPersonBP/Blueprints/PlayerUI]
[2019.04.12-19.58.51:664][770]LogSavePackage: Moving 'D:/Profiles/btf6119/source/repos/network_class/RedConquest/Saved/PlayerUI_Auto1F9BD2EFB41075F5447EADA849F465F87.tmp' to 'D:/Profiles/btf6119/source/repos/network_class/RedConquest/Saved/Autosaves/Game/FirstPersonBP/Blueprints/PlayerUI_Auto1.uasset'
[2019.04.12-19.58.51:665][770]LogFileHelpers: Auto-saving content packages took 0.040
[2019.04.12-20.01.36:487][992]LogUObjectHash: Warning: Ambiguous search, could be CanvasPanel /Game/FirstPersonBP/Blueprints/PlayerUI.PlayerUI:WidgetTree.CanvasPanel_0 or CanvasPanel /Game/FirstPersonBP/Blueprints/PlayerUI.PlayerUI_C:WidgetTree.CanvasPanel_0
[2019.04.12-20.01.36:487][992]LogUObjectHash: Warning: Ambiguous search, could be CanvasPanel /Game/FirstPersonBP/Blueprints/PlayerUI.PlayerUI:WidgetTree.CanvasPanel_0 or CanvasPanel /Engine/Transient.World_6:PlayerUI_C_2.WidgetTree_0.CanvasPanel_0
[2019.04.12-20.01.36:487][992]LogUObjectHash: Warning: Ambiguous search, could be CanvasPanel /Game/FirstPersonBP/Blueprints/PlayerUI.PlayerUI:WidgetTree.CanvasPanel_0 or CanvasPanel /Engine/Transient.World_6:PlayerUI_C_3.WidgetTree_0.CanvasPanel_0
[2019.04.12-20.01.36:487][992]LogUObjectHash: Warning: Ambiguous search, could be CanvasPanel /Game/FirstPersonBP/Blueprints/PlayerUI.PlayerUI:WidgetTree.CanvasPanel_0 or CanvasPanel /Engine/Transient.World_6:PlayerUI_C_4.WidgetTree_0.CanvasPanel_0
[2019.04.12-20.01.36:487][992]LogUObjectHash: Warning: Ambiguous search, could be CanvasPanel /Game/FirstPersonBP/Blueprints/PlayerUI.PlayerUI:WidgetTree.CanvasPanel_0 or CanvasPanel /Engine/Transient.World_6:PlayerUI_C_5.WidgetTree_0.CanvasPanel_0
[2019.04.12-20.01.36:487][992]LogUObjectHash: Warning: Ambiguous search, could be CanvasPanel /Game/FirstPersonBP/Blueprints/PlayerUI.PlayerUI:WidgetTree.CanvasPanel_0 or CanvasPanel /Engine/Transient.World_6:PlayerUI_C_6.WidgetTree_0.CanvasPanel_0
[2019.04.12-20.01.36:487][992]LogUObjectHash: Warning: Ambiguous search, could be CanvasPanel /Game/FirstPersonBP/Blueprints/PlayerUI.PlayerUI:WidgetTree.CanvasPanel_0 or CanvasPanel /Engine/Transient.World_6:PlayerUI_C_7.WidgetTree_0.CanvasPanel_0
[2019.04.12-20.01.36:487][992]LogProperty: Warning: Illegal TEXT reference to a private object in external package (CanvasPanelSlot /Game/FirstPersonBP/Blueprints/PlayerUI.PlayerUI:WidgetTree.CanvasPanel_0.CanvasPanelSlot_2) from referencer (HorizontalBox /Engine/UMG/Editor/Transient.HorizontalBox_23).  Import failed...
[2019.04.12-20.01.36:487][992]LogProperty: Warning: ObjectProperty /Script/UMG.Widget:Slot: unresolved reference to 'CanvasPanelSlot'"CanvasPanel_0.CanvasPanelSlot_2"''
[2019.04.12-20.01.38:741][992]LogSlate: Window 'Message' being destroyed
[2019.04.12-20.10.12:845][245]LogSlate: Window 'Color Picker' being destroyed
[2019.04.12-20.10.18:440][587]LogSlate: Window 'Color Picker' being destroyed
[2019.04.12-20.10.43:819][862]LogFileHelpers: Editor autosave (incl. sublevels) for '/Game/FirstPersonBP/Maps/BenMap' took 0.035
[2019.04.12-20.10.43:820][862]OBJ SavePackage: Generating thumbnails for [0] asset(s) in package [/Game/FirstPersonBP/Blueprints/PlayerUI] ([1] browsable assets)...
[2019.04.12-20.10.43:820][862]OBJ SavePackage: Finished generating thumbnails for package [/Game/FirstPersonBP/Blueprints/PlayerUI]
[2019.04.12-20.10.43:854][862]LogSavePackage: Moving 'D:/Profiles/btf6119/source/repos/network_class/RedConquest/Saved/PlayerUI_Auto29C454FEA4E0712B11B2F29B51E611CDE.tmp' to 'D:/Profiles/btf6119/source/repos/network_class/RedConquest/Saved/Autosaves/Game/FirstPersonBP/Blueprints/PlayerUI_Auto2.uasset'
[2019.04.12-20.10.43:854][862]LogFileHelpers: Auto-saving content packages took 0.035
[2019.04.12-20.10.53:100][396]Cmd: OBJ SAVEPACKAGE PACKAGE="/Game/FirstPersonBP/Blueprints/PlayerUI" FILE="D:/Profiles/btf6119/source/repos/network_class/RedConquest/Content/FirstPersonBP/Blueprints/PlayerUI.uasset" SILENT=true
[2019.04.12-20.10.53:119][396]LogSavePackage: Moving 'D:/Profiles/btf6119/source/repos/network_class/RedConquest/Saved/PlayerUIED28953A4A62521386F45ABF22A373D8.tmp' to 'D:/Profiles/btf6119/source/repos/network_class/RedConquest/Content/FirstPersonBP/Blueprints/PlayerUI.uasset'
[2019.04.12-20.10.53:691][431]BlueprintLog: New page: Compile PlayerUI
[2019.04.12-20.10.57:008][613]LogAssetEditorManager: Opening Asset editor for Blueprint /Game/FirstPersonBP/Blueprints/FirstPersonCharacter.FirstPersonCharacter
[2019.04.12-20.10.58:107][614]LogSlate: Took 0.004259 seconds to synchronously load lazily loaded font '../../../Engine/Content/Slate/Fonts/Roboto-Italic.ttf' (157K)
[2019.04.12-20.11.25:603][873]BlueprintLog: New page: Compile FirstPersonCharacter
[2019.04.12-20.11.26:521][874]LogSavePackage: Moving 'D:/Profiles/btf6119/source/repos/network_class/RedConquest/Saved/FirstPersonCharacter904329E8401EF28DF2E74E9D47F6AED0.tmp' to 'D:/Profiles/btf6119/source/repos/network_class/RedConquest/Content/FirstPersonBP/Blueprints/FirstPersonCharacter.uasset'
[2019.04.12-20.11.26:761][878]LogSavePackage: Moving 'D:/Profiles/btf6119/source/repos/network_class/RedConquest/Saved/FirstPersonCharacterCCBA1A4146F1CB5BDD013F9B9D93C740.tmp' to 'D:/Profiles/btf6119/source/repos/network_class/RedConquest/Content/FirstPersonBP/Blueprints/FirstPersonCharacter.uasset'
[2019.04.12-20.11.55:638][799]LogEditorTransaction: Undo Move Node
[2019.04.12-20.12.53:390][755]LogAssetEditorManager: Opening Asset editor for Blueprint /Game/FirstPersonBP/Blueprints/FirstPersonGameMode.FirstPersonGameMode
[2019.04.12-20.13.45:047][294]LogTemp: Repeating last play command: Selected Viewport
[2019.04.12-20.13.45:066][294]LogBlueprintUserMessages: Early PlayInEditor Detection: Level '/Game/FirstPersonBP/Maps/BenMap.BenMap:PersistentLevel' has LevelScriptBlueprint '/Game/FirstPersonBP/Maps/BenMap.BenMap:PersistentLevel.BenMap' with GeneratedClass '/Game/FirstPersonBP/Maps/BenMap.BenMap_C' with ClassGeneratedBy '/Game/FirstPersonBP/Maps/BenMap.BenMap:PersistentLevel.BenMap'
[2019.04.12-20.13.45:067][294]BlueprintLog: New page: Pre-Play auto-recompile
[2019.04.12-20.13.45:090][294]LogPlayLevel: [PlayLevel] Compiling FirstPersonCharacter before play...
[2019.04.12-20.13.45:442][294]LogPlayLevel: PlayLevel: Blueprint regeneration took 376 ms (1 blueprints)
[2019.04.12-20.13.45:442][294]PIE: New page: PIE session: BenMap (Apr 12, 2019, 12:13:45 PM)
[2019.04.12-20.13.45:456][294]LogPlayLevel: Creating play world package: /Game/FirstPersonBP/Maps/UEDPIE_0_BenMap
[2019.04.12-20.13.45:472][294]LogPlayLevel: PIE: StaticDuplicateObject took: (0.015482s)
[2019.04.12-20.13.45:472][294]LogAIModule: Creating AISystem for world BenMap
[2019.04.12-20.13.45:473][294]LogPlayLevel: PIE: World Init took: (0.000935s)
[2019.04.12-20.13.45:473][294]LogPlayLevel: PIE: Created PIE world by copying editor world from /Game/FirstPersonBP/Maps/BenMap.BenMap to /Game/FirstPersonBP/Maps/UEDPIE_0_BenMap.BenMap (0.016793s)
[2019.04.12-20.13.45:551][294]LogInit: XAudio2 using 'Realtek Digital Output (Realtek High Definition Audio)' : 2 channels at 48 kHz using 16 bits per sample (channel mask 0x3)
[2019.04.12-20.13.45:611][294]LogInit: FAudioDevice initialized.
[2019.04.12-20.13.45:659][294]LogLoad: Game class is 'FirstPersonGameMode_C'
[2019.04.12-20.13.45:667][294]LogWorld: Bringing World /Game/FirstPersonBP/Maps/UEDPIE_0_BenMap.BenMap up for play (max tick rate 0) at 2019.04.12-16.13.45
[2019.04.12-20.13.45:669][294]LogWorld: Bringing up level for play took: 0.007856
[2019.04.12-20.13.45:718][294]LogContentBrowser: Native class hierarchy updated for 'MovieSceneCapture' in 0.0007 seconds. Added 20 classes and 0 folders.
[2019.04.12-20.13.45:721][294]PIE: Play in editor start time for /Game/FirstPersonBP/Maps/UEDPIE_0_BenMap 0.03
[2019.04.12-20.13.45:721][294]LogBlueprintUserMessages: Late PlayInEditor Detection: Level '/Game/FirstPersonBP/Maps/BenMap.BenMap:PersistentLevel' has LevelScriptBlueprint '/Game/FirstPersonBP/Maps/BenMap.BenMap:PersistentLevel.BenMap' with GeneratedClass '/Game/FirstPersonBP/Maps/BenMap.BenMap_C' with ClassGeneratedBy '/Game/FirstPersonBP/Maps/BenMap.BenMap:PersistentLevel.BenMap'
[2019.04.12-20.14.45:027][862]LogBlueprintUserMessages: Early EndPlayMap Detection: Level '/Game/FirstPersonBP/Maps/BenMap.BenMap:PersistentLevel' has LevelScriptBlueprint '/Game/FirstPersonBP/Maps/BenMap.BenMap:PersistentLevel.BenMap' with GeneratedClass '/Game/FirstPersonBP/Maps/BenMap.BenMap_C' with ClassGeneratedBy '/Game/FirstPersonBP/Maps/BenMap.BenMap:PersistentLevel.BenMap'
[2019.04.12-20.14.45:028][862]LogSlate: Updating window title bar state: overlay mode, drag disabled, window buttons hidden, title bar hidden
[2019.04.12-20.14.45:065][862]LogPlayLevel: Display: Shutting down PIE online subsystems
[2019.04.12-20.14.45:066][862]LogBlueprintUserMessages: Late EndPlayMap Detection: Level '/Game/FirstPersonBP/Maps/BenMap.BenMap:PersistentLevel' has LevelScriptBlueprint '/Game/FirstPersonBP/Maps/BenMap.BenMap:PersistentLevel.BenMap' with GeneratedClass '/Game/FirstPersonBP/Maps/BenMap.BenMap_C' with ClassGeneratedBy '/Game/FirstPersonBP/Maps/BenMap.BenMap:PersistentLevel.BenMap'
[2019.04.12-20.14.45:111][862]LogSlate: Updating window title bar state: overlay mode, drag disabled, window buttons hidden, title bar hidden
[2019.04.12-20.14.45:145][863]LogPlayLevel: Display: Destroying online subsystem :Context_10
[2019.04.12-20.14.46:363][950]LogSlate: FSceneViewport::OnFocusLost() reason 0
[2019.04.12-20.14.46:828][954]LogSavePackage: Moving 'D:/Profiles/btf6119/source/repos/network_class/RedConquest/Saved/BenMapABA873394CBB1C5758F2838B1C2A4CBA.tmp' to 'D:/Profiles/btf6119/source/repos/network_class/RedConquest/Content/FirstPersonBP/Maps/BenMap.umap'
[2019.04.12-20.14.46:889][954]Cmd: OBJ SAVEPACKAGE PACKAGE="/Game/FirstPersonBP/Maps/BenMap_BuiltData" FILE="D:/Profiles/btf6119/source/repos/network_class/RedConquest/Content/FirstPersonBP/Maps/BenMap_BuiltData.uasset" SILENT=true
[2019.04.12-20.14.47:765][954]LogSavePackage: Moving 'D:/Profiles/btf6119/source/repos/network_class/RedConquest/Saved/BenMap_BuiltData1DA7CDF8457A97C5C068D2BF539ED840.tmp' to 'D:/Profiles/btf6119/source/repos/network_class/RedConquest/Content/FirstPersonBP/Maps/BenMap_BuiltData.uasset'
[2019.04.12-20.14.56:882][616]LogSavePackage: Moving 'D:/Profiles/btf6119/source/repos/network_class/RedConquest/Saved/FirstPersonCharacter6468A7F648CB8114353DDEAF6A5E77EF.tmp' to 'D:/Profiles/btf6119/source/repos/network_class/RedConquest/Content/FirstPersonBP/Blueprints/FirstPersonCharacter.uasset'
[2019.04.12-20.19.08:768][306]LogSavePackage: Moving 'D:/Profiles/btf6119/source/repos/network_class/RedConquest/Saved/BenMap9303CAE14481CE3BC924F883D63DA7B5.tmp' to 'D:/Profiles/btf6119/source/repos/network_class/RedConquest/Content/FirstPersonBP/Maps/BenMap.umap'
[2019.04.12-20.19.08:830][306]Cmd: OBJ SAVEPACKAGE PACKAGE="/Game/FirstPersonBP/Maps/BenMap_BuiltData" FILE="D:/Profiles/btf6119/source/repos/network_class/RedConquest/Content/FirstPersonBP/Maps/BenMap_BuiltData.uasset" SILENT=true
[2019.04.12-20.19.09:736][306]LogSavePackage: Moving 'D:/Profiles/btf6119/source/repos/network_class/RedConquest/Saved/BenMap_BuiltData542F0F054FE63E13ECC9F2AA0C4AACC6.tmp' to 'D:/Profiles/btf6119/source/repos/network_class/RedConquest/Content/FirstPersonBP/Maps/BenMap_BuiltData.uasset'
